2024-12-06 14:49:35 info: Method: POST, URL: /admin_users/init-password, Query: {}, Body: {}
2024-12-06 14:49:36 info: Method: POST, URL: /admin_users/init-password, Query: {}, Body: {}
2024-12-06 14:50:59 info: Method: POST, URL: /admin_users/init-password, Query: {}, Body: {"username":"123456","password":"0659c7992e268962384eb17fafe88364"}
2024-12-06 14:51:12 info: Method: POST, URL: /admin_users/init-password, Query: {}, Body: {"id":7}
2024-12-06 14:52:43 info: Method: POST, URL: /admin_users/init-password, Query: {}, Body: {"id":7}
2024-12-06 14:56:08 info: Method: POST, URL: /admin_users/init-password, Query: {}, Body: {"id":7}
2024-12-06 14:56:08 info: Method: POST, URL: /admin_users/init-password, Query: {}, Body: {"id":7}
2024-12-06 14:59:11 info: Method: POST, URL: /admin_users/init-password, Query: {}, Body: {"id":7}
2024-12-06 15:00:16 info: Method: POST, URL: /admin_users/init-password, Query: {}, Body: {"id":7}
2024-12-06 15:00:17 info: Method: POST, URL: /admin_users/init-password, Query: {}, Body: {"id":7}
2024-12-06 15:01:20 info: Method: DELETE, URL: /instruction/1111, Query: {}, Body: {}
2024-12-06 15:01:33 info: Method: POST, URL: /admin_users/init-password, Query: {}, Body: {"id":7}
2024-12-06 15:01:57 info: Method: GET, URL: /admin_users/index?username=&userStatus=, Query: {"username":"","userStatus":""}, Body: {}
2024-12-06 15:02:14 info: Method: POST, URL: /admin_users/init-password, Query: {}, Body: {"id":7}
2024-12-06 15:02:40 info: Method: POST, URL: /admin_users/init-password, Query: {}, Body: {"id":7}
2024-12-06 15:02:41 info: Method: GET, URL: /bcustomer-manage?abbreviation=&status=&id=&page=1&limit=10, Query: {"abbreviation":"","status":"","id":"","page":"1","limit":"10"}, Body: {}
2024-12-06 15:02:42 info: Method: GET, URL: /instruction/get-instruction, Query: {}, Body: {}
2024-12-06 15:02:42 info: Method: GET, URL: /instruction-allocation?customer_name=&id=&instruction_name=&page=1&limit=10, Query: {"customer_name":"","id":"","instruction_name":"","page":"1","limit":"10"}, Body: {}
2024-12-06 15:02:42 info: Method: GET, URL: /bcustomer-manage/get-customer, Query: {}, Body: {}
2024-12-06 15:02:43 info: Method: GET, URL: /instruction?admin_name=&name=&code=&is_open=&page=1&limit=10, Query: {"admin_name":"","name":"","code":"","is_open":"","page":"1","limit":"10"}, Body: {}
2024-12-06 15:03:07 info: Method: GET, URL: /admin_users/index?username=&userStatus=, Query: {"username":"","userStatus":""}, Body: {}
2024-12-06 15:04:48 info: Method: GET, URL: /admin_users/index?username=&userStatus=, Query: {"username":"","userStatus":""}, Body: {}
2024-12-06 15:05:02 info: Method: GET, URL: /admin_users/index?username=&userStatus=, Query: {"username":"","userStatus":""}, Body: {}
2024-12-06 15:05:03 info: Method: GET, URL: /admin_users/index?username=&userStatus=, Query: {"username":"","userStatus":""}, Body: {}
2024-12-06 15:05:27 info: Method: GET, URL: /admin_users/index?username=&userStatus=, Query: {"username":"","userStatus":""}, Body: {}
2024-12-06 15:05:28 info: Method: POST, URL: /admin_users/init-password/2, Query: {}, Body: {}
2024-12-06 15:06:00 info: Method: GET, URL: /admin_users/index?username=&userStatus=, Query: {"username":"","userStatus":""}, Body: {}
2024-12-06 15:06:46 info: Method: GET, URL: /admin_users/index?username=&userStatus=, Query: {"username":"","userStatus":""}, Body: {}
2024-12-06 15:06:53 info: Method: GET, URL: /admin_users/index?username=&userStatus=, Query: {"username":"","userStatus":""}, Body: {}
2024-12-06 15:07:22 info: Method: GET, URL: /admin_users/index?username=&userStatus=, Query: {"username":"","userStatus":""}, Body: {}
2024-12-06 15:07:24 info: Method: GET, URL: /bcustomer-manage/get-customer, Query: {}, Body: {}
2024-12-06 15:07:24 info: Method: GET, URL: /instruction/get-instruction, Query: {}, Body: {}
2024-12-06 15:07:24 info: Method: GET, URL: /instruction-allocation?customer_name=&id=&instruction_name=&page=1&limit=10, Query: {"customer_name":"","id":"","instruction_name":"","page":"1","limit":"10"}, Body: {}
2024-12-06 15:08:02 info: Method: GET, URL: /admin_users/index?username=&userStatus=, Query: {"username":"","userStatus":""}, Body: {}
2024-12-06 15:09:02 info: Method: POST, URL: /admin_users/create, Query: {}, Body: {"nickname":"43324","username":"54354"}
2024-12-06 15:09:04 info: Method: GET, URL: /admin_users/index?username=&userStatus=, Query: {"username":"","userStatus":""}, Body: {}
2024-12-06 15:09:30 info: Method: GET, URL: /bcustomer-manage/get-customer, Query: {}, Body: {}
2024-12-06 15:09:30 info: Method: GET, URL: /instruction/get-instruction, Query: {}, Body: {}
2024-12-06 15:09:30 info: Method: GET, URL: /instruction-allocation?customer_name=&id=&instruction_name=&page=1&limit=10, Query: {"customer_name":"","id":"","instruction_name":"","page":"1","limit":"10"}, Body: {}
2024-12-06 15:11:18 info: Method: GET, URL: /bcustomer-manage?abbreviation=&status=&id=&page=1&limit=10, Query: {"abbreviation":"","status":"","id":"","page":"1","limit":"10"}, Body: {}
2024-12-06 15:11:20 info: Method: GET, URL: /instruction?admin_name=&name=&code=&is_open=&page=1&limit=10, Query: {"admin_name":"","name":"","code":"","is_open":"","page":"1","limit":"10"}, Body: {}
2024-12-06 15:11:22 info: Method: GET, URL: /instruction/get-instruction, Query: {}, Body: {}
2024-12-06 15:11:22 info: Method: GET, URL: /bcustomer-manage/get-customer, Query: {}, Body: {}
2024-12-06 15:11:22 info: Method: GET, URL: /instruction-allocation?customer_name=&id=&instruction_name=&page=1&limit=10, Query: {"customer_name":"","id":"","instruction_name":"","page":"1","limit":"10"}, Body: {}
2024-12-06 15:11:57 info: Method: GET, URL: /bcustomer-manage/get-customer, Query: {}, Body: {}
2024-12-06 15:11:57 info: Method: GET, URL: /instruction/get-instruction, Query: {}, Body: {}
2024-12-06 15:11:57 info: Method: GET, URL: /instruction-allocation?customer_name=&id=&instruction_name=&page=1&limit=10, Query: {"customer_name":"","id":"","instruction_name":"","page":"1","limit":"10"}, Body: {}
2024-12-06 15:12:02 info: Method: GET, URL: /instruction?admin_name=&name=&code=&is_open=&page=1&limit=10, Query: {"admin_name":"","name":"","code":"","is_open":"","page":"1","limit":"10"}, Body: {}
2024-12-06 15:12:07 info: Method: GET, URL: /bcustomer-manage/get-customer, Query: {}, Body: {}
2024-12-06 15:12:07 info: Method: GET, URL: /instruction/get-instruction, Query: {}, Body: {}
2024-12-06 15:12:07 info: Method: GET, URL: /instruction-allocation?customer_name=&id=&instruction_name=&page=1&limit=10, Query: {"customer_name":"","id":"","instruction_name":"","page":"1","limit":"10"}, Body: {}
2024-12-06 15:12:10 info: Method: GET, URL: /admin_users/index?username=&userStatus=, Query: {"username":"","userStatus":""}, Body: {}
2024-12-06 15:12:15 info: Method: POST, URL: /admin_users/create, Query: {}, Body: {"nickname":"333","username":"33"}
2024-12-06 15:12:18 info: Method: GET, URL: /bcustomer-manage/get-customer, Query: {}, Body: {}
2024-12-06 15:12:18 info: Method: GET, URL: /instruction/get-instruction, Query: {}, Body: {}
2024-12-06 15:12:18 info: Method: GET, URL: /instruction-allocation?customer_name=&id=&instruction_name=&page=1&limit=10, Query: {"customer_name":"","id":"","instruction_name":"","page":"1","limit":"10"}, Body: {}
2024-12-06 15:12:51 info: Method: GET, URL: /bcustomer-manage?abbreviation=&status=&id=&page=1&limit=10, Query: {"abbreviation":"","status":"","id":"","page":"1","limit":"10"}, Body: {}
2024-12-06 15:13:10 info: Method: GET, URL: /instruction?admin_name=&name=&code=&is_open=&page=1&limit=10, Query: {"admin_name":"","name":"","code":"","is_open":"","page":"1","limit":"10"}, Body: {}
2024-12-06 15:13:33 info: Method: GET, URL: /admin_users/index?username=&userStatus=, Query: {"username":"","userStatus":""}, Body: {}
2024-12-06 15:14:38 info: Method: GET, URL: /admin_users/index?username=&userStatus=, Query: {"username":"","userStatus":""}, Body: {}
2024-12-06 15:14:40 info: Method: GET, URL: /bcustomer-manage/get-customer, Query: {}, Body: {}
2024-12-06 15:14:40 info: Method: GET, URL: /instruction/get-instruction, Query: {}, Body: {}
2024-12-06 15:14:40 info: Method: GET, URL: /instruction-allocation?customer_name=&id=&instruction_name=&page=1&limit=10, Query: {"customer_name":"","id":"","instruction_name":"","page":"1","limit":"10"}, Body: {}
2024-12-06 15:14:46 info: Method: GET, URL: /instruction?admin_name=&name=&code=&is_open=&page=1&limit=10, Query: {"admin_name":"","name":"","code":"","is_open":"","page":"1","limit":"10"}, Body: {}
2024-12-06 15:14:52 info: Method: GET, URL: /admin_users/index?username=&userStatus=, Query: {"username":"","userStatus":""}, Body: {}
2024-12-06 15:17:19 info: Method: GET, URL: /admin_users/index?username=&userStatus=, Query: {"username":"","userStatus":""}, Body: {}
2024-12-06 15:17:56 info: Method: GET, URL: /admin_users/index?username=&userStatus=, Query: {"username":"","userStatus":""}, Body: {}
2024-12-06 15:17:58 info: Method: GET, URL: /admin_users/index?username=&userStatus=, Query: {"username":"","userStatus":""}, Body: {}
2024-12-06 15:18:02 info: Method: GET, URL: /admin_users/index?username=&userStatus=, Query: {"username":"","userStatus":""}, Body: {}
2024-12-06 15:18:05 info: Method: GET, URL: /admin_users/index?username=&userStatus=, Query: {"username":"","userStatus":""}, Body: {}
2024-12-06 15:18:10 info: Method: GET, URL: /admin_users/index?username=&userStatus=, Query: {"username":"","userStatus":""}, Body: {}
2024-12-06 15:18:13 info: Method: GET, URL: /admin_users/index?username=&userStatus=, Query: {"username":"","userStatus":""}, Body: {}
2024-12-06 15:18:19 info: Method: GET, URL: /admin_users/index?username=&userStatus=, Query: {"username":"","userStatus":""}, Body: {}
2024-12-06 15:19:58 info: Method: GET, URL: /bcustomer-manage/get-customer, Query: {}, Body: {}
2024-12-06 15:19:58 info: Method: GET, URL: /instruction/get-instruction, Query: {}, Body: {}
2024-12-06 15:19:58 info: Method: GET, URL: /instruction-allocation?customer_name=&id=&instruction_name=&page=1&limit=10, Query: {"customer_name":"","id":"","instruction_name":"","page":"1","limit":"10"}, Body: {}
2024-12-06 15:19:58 info: Method: GET, URL: /bcustomer-manage?abbreviation=&status=&id=&page=1&limit=10, Query: {"abbreviation":"","status":"","id":"","page":"1","limit":"10"}, Body: {}
2024-12-06 15:20:22 info: Method: GET, URL: /admin_users/index?username=&userStatus=, Query: {"username":"","userStatus":""}, Body: {}
2024-12-06 15:20:29 info: Method: GET, URL: /bcustomer-manage?abbreviation=&status=&id=&page=1&limit=10, Query: {"abbreviation":"","status":"","id":"","page":"1","limit":"10"}, Body: {}
2024-12-06 15:20:33 info: Method: GET, URL: /instruction?admin_name=&name=&code=&is_open=&page=1&limit=10, Query: {"admin_name":"","name":"","code":"","is_open":"","page":"1","limit":"10"}, Body: {}
2024-12-06 15:20:34 info: Method: GET, URL: /bcustomer-manage/get-customer, Query: {}, Body: {}
2024-12-06 15:20:34 info: Method: GET, URL: /instruction/get-instruction, Query: {}, Body: {}
2024-12-06 15:20:34 info: Method: GET, URL: /instruction-allocation?customer_name=&id=&instruction_name=&page=1&limit=10, Query: {"customer_name":"","id":"","instruction_name":"","page":"1","limit":"10"}, Body: {}
2024-12-06 15:23:05 info: Method: POST, URL: /admin_users/init-password, Query: {}, Body: {"id":7}
2024-12-06 15:23:10 info: Method: GET, URL: /instruction?admin_name=&name=&code=&is_open=&page=1&limit=10, Query: {"admin_name":"","name":"","code":"","is_open":"","page":"1","limit":"10"}, Body: {}
2024-12-06 15:23:12 info: Method: GET, URL: /bcustomer-manage?abbreviation=&status=&id=&page=1&limit=10, Query: {"abbreviation":"","status":"","id":"","page":"1","limit":"10"}, Body: {}
2024-12-06 15:23:14 info: Method: GET, URL: /admin_users/index?username=&userStatus=, Query: {"username":"","userStatus":""}, Body: {}
2024-12-06 15:23:32 info: Method: GET, URL: /instruction?admin_name=&name=&code=&is_open=&page=1&limit=10, Query: {"admin_name":"","name":"","code":"","is_open":"","page":"1","limit":"10"}, Body: {}
2024-12-06 15:23:37 info: Method: POST, URL: /admin_users/init-password, Query: {}, Body: {"id":7}
2024-12-06 15:23:37 info: Method: GET, URL: /instruction?admin_name=&name=&code=&is_open=&page=1&limit=10, Query: {"admin_name":"","name":"","code":"","is_open":"","page":"1","limit":"10"}, Body: {}
2024-12-06 15:23:38 info: Method: GET, URL: /bcustomer-manage?abbreviation=&status=&id=&page=1&limit=10, Query: {"abbreviation":"","status":"","id":"","page":"1","limit":"10"}, Body: {}
2024-12-06 15:23:39 info: Method: GET, URL: /instruction?admin_name=&name=&code=&is_open=&page=1&limit=10, Query: {"admin_name":"","name":"","code":"","is_open":"","page":"1","limit":"10"}, Body: {}
2024-12-06 15:23:40 info: Method: GET, URL: /bcustomer-manage/get-customer, Query: {}, Body: {}
2024-12-06 15:23:40 info: Method: GET, URL: /instruction/get-instruction, Query: {}, Body: {}
2024-12-06 15:23:40 info: Method: GET, URL: /instruction-allocation?customer_name=&id=&instruction_name=&page=1&limit=10, Query: {"customer_name":"","id":"","instruction_name":"","page":"1","limit":"10"}, Body: {}
2024-12-06 15:23:42 info: Method: GET, URL: /admin_users/index?username=&userStatus=, Query: {"username":"","userStatus":""}, Body: {}
2024-12-06 15:23:46 info: Method: GET, URL: /admin_users/index?username=&userStatus=, Query: {"username":"","userStatus":""}, Body: {}
2024-12-06 15:23:47 info: Method: GET, URL: /instruction?admin_name=&name=&code=&is_open=&page=1&limit=10, Query: {"admin_name":"","name":"","code":"","is_open":"","page":"1","limit":"10"}, Body: {}
2024-12-06 15:23:50 info: Method: GET, URL: /instruction?admin_name=&name=&code=&is_open=&page=1&limit=10, Query: {"admin_name":"","name":"","code":"","is_open":"","page":"1","limit":"10"}, Body: {}
2024-12-06 15:23:51 info: Method: GET, URL: /bcustomer-manage?abbreviation=&status=&id=&page=1&limit=10, Query: {"abbreviation":"","status":"","id":"","page":"1","limit":"10"}, Body: {}
2024-12-06 15:23:52 info: Method: GET, URL: /instruction?admin_name=&name=&code=&is_open=&page=1&limit=10, Query: {"admin_name":"","name":"","code":"","is_open":"","page":"1","limit":"10"}, Body: {}
2024-12-06 15:23:59 info: Method: GET, URL: /instruction?admin_name=&name=&code=&is_open=&page=1&limit=10, Query: {"admin_name":"","name":"","code":"","is_open":"","page":"1","limit":"10"}, Body: {}
2024-12-06 15:24:01 info: Method: GET, URL: /bcustomer-manage?abbreviation=&status=&id=&page=1&limit=10, Query: {"abbreviation":"","status":"","id":"","page":"1","limit":"10"}, Body: {}
2024-12-06 15:24:02 info: Method: GET, URL: /instruction?admin_name=&name=&code=&is_open=&page=1&limit=10, Query: {"admin_name":"","name":"","code":"","is_open":"","page":"1","limit":"10"}, Body: {}
2024-12-06 15:24:03 info: Method: GET, URL: /instruction/get-instruction, Query: {}, Body: {}
2024-12-06 15:24:03 info: Method: GET, URL: /bcustomer-manage/get-customer, Query: {}, Body: {}
2024-12-06 15:24:03 info: Method: GET, URL: /instruction-allocation?customer_name=&id=&instruction_name=&page=1&limit=10, Query: {"customer_name":"","id":"","instruction_name":"","page":"1","limit":"10"}, Body: {}
2024-12-06 15:24:05 info: Method: GET, URL: /admin_users/index?username=&userStatus=, Query: {"username":"","userStatus":""}, Body: {}
2024-12-06 15:24:06 info: Method: GET, URL: /instruction-allocation?customer_name=&id=&instruction_name=&page=1&limit=10, Query: {"customer_name":"","id":"","instruction_name":"","page":"1","limit":"10"}, Body: {}
2024-12-06 15:24:06 info: Method: GET, URL: /bcustomer-manage/get-customer, Query: {}, Body: {}
2024-12-06 15:24:06 info: Method: GET, URL: /instruction/get-instruction, Query: {}, Body: {}
2024-12-06 15:24:10 info: Method: GET, URL: /instruction-allocation?customer_name=&id=&instruction_name=&page=1&limit=10, Query: {"customer_name":"","id":"","instruction_name":"","page":"1","limit":"10"}, Body: {}
2024-12-06 15:24:10 info: Method: GET, URL: /bcustomer-manage/get-customer, Query: {}, Body: {}
2024-12-06 15:24:10 info: Method: GET, URL: /instruction/get-instruction, Query: {}, Body: {}
2024-12-06 15:24:11 info: Method: POST, URL: /admin_users/init-password, Query: {}, Body: {"id":"7,9,10"}
2024-12-06 15:24:11 info: Method: GET, URL: /instruction?admin_name=&name=&code=&is_open=&page=1&limit=10, Query: {"admin_name":"","name":"","code":"","is_open":"","page":"1","limit":"10"}, Body: {}
2024-12-06 15:24:35 info: Method: GET, URL: /bcustomer-manage?abbreviation=&status=&id=&page=1&limit=10, Query: {"abbreviation":"","status":"","id":"","page":"1","limit":"10"}, Body: {}
2024-12-06 15:24:36 info: Method: GET, URL: /instruction?admin_name=&name=&code=&is_open=&page=1&limit=10, Query: {"admin_name":"","name":"","code":"","is_open":"","page":"1","limit":"10"}, Body: {}
2024-12-06 15:24:37 info: Method: GET, URL: /bcustomer-manage/get-customer, Query: {}, Body: {}
2024-12-06 15:24:37 info: Method: GET, URL: /instruction/get-instruction, Query: {}, Body: {}
2024-12-06 15:24:37 info: Method: GET, URL: /instruction-allocation?customer_name=&id=&instruction_name=&page=1&limit=10, Query: {"customer_name":"","id":"","instruction_name":"","page":"1","limit":"10"}, Body: {}
2024-12-06 15:24:39 info: Method: GET, URL: /admin_users/index?username=&userStatus=, Query: {"username":"","userStatus":""}, Body: {}
2024-12-06 15:25:04 info: Method: GET, URL: /admin_users/index?username=&userStatus=, Query: {"username":"","userStatus":""}, Body: {}
2024-12-06 15:26:00 info: Method: POST, URL: /admin_users/init-password, Query: {}, Body: {"id":"7,9,10"}
2024-12-06 15:27:51 info: Method: GET, URL: /admin_users/index?username=&userStatus=, Query: {"username":"","userStatus":""}, Body: {}
2024-12-06 15:28:18 info: Method: GET, URL: /admin_users/index?username=&userStatus=, Query: {"username":"","userStatus":""}, Body: {}
2024-12-06 15:29:09 info: Method: GET, URL: /bcustomer-manage/get-customer, Query: {}, Body: {}
2024-12-06 15:29:09 info: Method: GET, URL: /instruction/get-instruction, Query: {}, Body: {}
2024-12-06 15:29:09 info: Method: GET, URL: /instruction-allocation?customer_name=&id=&instruction_name=&page=1&limit=10, Query: {"customer_name":"","id":"","instruction_name":"","page":"1","limit":"10"}, Body: {}
2024-12-06 15:29:26 info: Method: POST, URL: /admin_users/init-password, Query: {}, Body: {"id":[7,9,10]}
2024-12-06 15:32:42 info: Method: POST, URL: /admin_users/init-password, Query: {}, Body: {"id":[7,9,10]}
2024-12-06 15:32:46 info: Method: POST, URL: /admin_users/init-password, Query: {}, Body: {"id":[7,9,10]}
2024-12-06 15:32:47 info: Method: POST, URL: /admin_users/init-password, Query: {}, Body: {"id":[7,9,10]}
2024-12-06 15:33:09 info: Method: POST, URL: /admin_users/init-password, Query: {}, Body: {"id":[7,9,10]}
2024-12-06 15:34:33 info: Method: GET, URL: /admin_users/index?username=&userStatus=, Query: {"username":"","userStatus":""}, Body: {}
2024-12-06 15:34:49 info: Method: POST, URL: /admin_users/init-password, Query: {}, Body: {}
2024-12-06 15:34:58 info: Method: POST, URL: /admin_users/init-password, Query: {}, Body: {}
2024-12-06 15:35:07 info: Method: GET, URL: /admin_users/index?username=&userStatus=, Query: {"username":"","userStatus":""}, Body: {}
2024-12-06 15:35:16 info: Method: POST, URL: /admin_users/init-password, Query: {}, Body: {}
2024-12-06 15:36:20 info: Method: POST, URL: /admin_users/create, Query: {}, Body: {"id":[7,9,10]}
2024-12-06 15:36:21 info: Method: GET, URL: /admin_users/index?username=&userStatus=, Query: {"username":"","userStatus":""}, Body: {}
2024-12-06 15:36:36 info: Method: POST, URL: /admin_users/init-password, Query: {}, Body: {}
2024-12-06 15:36:39 info: Method: POST, URL: /admin_users/create, Query: {}, Body: {"username":"asdasdsd"}
2024-12-06 15:36:40 info: Method: POST, URL: /admin_users/init-password, Query: {}, Body: {}
2024-12-06 15:36:50 info: Method: POST, URL: /admin_users/create, Query: {}, Body: {"username":"asdasdsd","password":""}
2024-12-06 15:37:08 info: Method: POST, URL: /admin_users/create, Query: {}, Body: {"username":"asdasdsd","password":"","nickname":"nickname"}
2024-12-06 15:38:45 info: Method: GET, URL: /admin_users/index?username=&userStatus=, Query: {"username":"","userStatus":""}, Body: {}
2024-12-06 15:38:47 info: Method: POST, URL: /admin_users/init-password, Query: {}, Body: [3]
2024-12-06 15:38:47 info: Method: GET, URL: /admin_users/index?username=&userStatus=, Query: {"username":"","userStatus":""}, Body: {}
2024-12-06 15:39:05 info: Method: GET, URL: /admin_users/index?username=&userStatus=, Query: {"username":"","userStatus":""}, Body: {}
2024-12-06 15:39:07 info: Method: POST, URL: /admin_users/init-password, Query: {}, Body: [3]
2024-12-06 15:39:07 info: Method: GET, URL: /admin_users/index?username=&userStatus=, Query: {"username":"","userStatus":""}, Body: {}
2024-12-06 15:39:20 info: Method: GET, URL: /admin_users/index?username=&userStatus=, Query: {"username":"","userStatus":""}, Body: {}
2024-12-06 15:39:30 info: Method: POST, URL: /admin_users/init-password, Query: {}, Body: [3]
2024-12-06 15:39:30 info: Method: GET, URL: /admin_users/index?username=&userStatus=, Query: {"username":"","userStatus":""}, Body: {}
2024-12-06 15:40:01 info: Method: GET, URL: /admin_users/index?username=&userStatus=, Query: {"username":"","userStatus":""}, Body: {}
2024-12-06 15:40:01 info: Method: GET, URL: /admin_users/index?username=&userStatus=, Query: {"username":"","userStatus":""}, Body: {}
2024-12-06 15:40:03 info: Method: POST, URL: /admin_users/init-password?0=3, Query: {"0":"3"}, Body: {}
2024-12-06 15:40:03 info: Method: GET, URL: /admin_users/index?username=&userStatus=, Query: {"username":"","userStatus":""}, Body: {}
2024-12-06 15:40:49 info: Method: GET, URL: /admin_users/index?username=&userStatus=, Query: {"username":"","userStatus":""}, Body: {}
2024-12-06 15:40:53 info: Method: POST, URL: /admin_users/init-password?0=3, Query: {"0":"3"}, Body: {}
2024-12-06 15:41:01 info: Method: GET, URL: /admin_users/index?username=&userStatus=, Query: {"username":"","userStatus":""}, Body: {}
2024-12-06 15:41:02 info: Method: POST, URL: /admin_users/init-password?0=2&1=3&2=4&3=5&4=6&5=7&6=8&7=9&8=10, Query: {"0":"2","1":"3","2":"4","3":"5","4":"6","5":"7","6":"8","7":"9","8":"10"}, Body: {}
2024-12-06 15:41:11 info: Method: GET, URL: /admin_users/index?username=&userStatus=, Query: {"username":"","userStatus":""}, Body: {}
2024-12-06 15:41:22 info: Method: POST, URL: /admin_users/init-password, Query: {}, Body: {}
2024-12-06 15:41:36 info: Method: POST, URL: /admin_users/login, Query: {}, Body: {"username":"123456","password":"abc123456"}
2024-12-06 15:41:42 info: Method: POST, URL: /admin_users/init-password, Query: {}, Body: {}
2024-12-06 15:41:46 info: Method: POST, URL: /admin_users/init-password, Query: {}, Body: {}
2024-12-06 15:41:47 info: Method: POST, URL: /admin_users/init-password, Query: {}, Body: {}
2024-12-06 15:41:47 info: Method: POST, URL: /admin_users/init-password, Query: {}, Body: {}
2024-12-06 15:41:48 info: Method: POST, URL: /admin_users/init-password, Query: {}, Body: {}
2024-12-06 15:41:51 info: Method: POST, URL: /admin_users/init-password, Query: {}, Body: {}
2024-12-06 15:42:39 info: Method: POST, URL: /admin_users/create, Query: {}, Body: {"nickname":"324324","username":"324234","password":""}
2024-12-06 15:42:39 info: Method: GET, URL: /admin_users/index?username=&userStatus=, Query: {"username":"","userStatus":""}, Body: {}
2024-12-06 15:43:09 info: Method: POST, URL: /admin_users/init-password, Query: {}, Body: {}
2024-12-06 15:43:17 info: Method: POST, URL: /admin_users/init-password?0=2&1=3, Query: {"0":"2","1":"3"}, Body: {}
2024-12-06 15:43:25 info: Method: GET, URL: /admin_users/index?username=&userStatus=, Query: {"username":"","userStatus":""}, Body: {}
2024-12-06 15:43:31 info: Method: POST, URL: /admin_users/init-password, Query: {}, Body: [7,8]
2024-12-06 15:44:30 info: Method: GET, URL: /admin_users/index?username=&userStatus=, Query: {"username":"","userStatus":""}, Body: {}
2024-12-06 15:44:53 info: Method: GET, URL: /admin_users/index?username=&userStatus=, Query: {"username":"","userStatus":""}, Body: {}
2024-12-06 15:44:59 info: Method: GET, URL: /admin_users/index?username=&userStatus=, Query: {"username":"","userStatus":""}, Body: {}
2024-12-06 15:45:14 info: Method: POST, URL: /admin_users/init-password, Query: {}, Body: [3,4]
2024-12-06 15:47:13 info: Method: POST, URL: /admin_users/init-password, Query: {}, Body: {"id":[3,4]}
2024-12-06 15:48:57 info: Method: GET, URL: /admin_users/index?username=&userStatus=, Query: {"username":"","userStatus":""}, Body: {}
2024-12-06 15:49:00 info: Method: GET, URL: /admin_users/index?username=&userStatus=, Query: {"username":"","userStatus":""}, Body: {}
2024-12-06 15:49:04 info: Method: POST, URL: /admin_users/init-password, Query: {}, Body: {"id":[2,3]}
2024-12-06 15:49:28 info: Method: GET, URL: /admin_users/index?username=&userStatus=, Query: {"username":"","userStatus":""}, Body: {}
2024-12-06 15:51:17 info: Method: GET, URL: /admin_users/index?username=&userStatus=, Query: {"username":"","userStatus":""}, Body: {}
2024-12-06 15:51:39 info: Method: GET, URL: /admin_users/index?username=&userStatus=, Query: {"username":"","userStatus":""}, Body: {}
2024-12-06 15:51:44 info: Method: GET, URL: /admin_users/index?username=&userStatus=, Query: {"username":"","userStatus":""}, Body: {}
2024-12-06 15:51:47 info: Method: GET, URL: /admin_users/index?username=&userStatus=, Query: {"username":"","userStatus":""}, Body: {}
2024-12-06 15:51:51 info: Method: POST, URL: /admin_users/init-password, Query: {}, Body: {"id":[2,4]}
2024-12-06 15:51:51 info: Method: GET, URL: /admin_users/index?username=&userStatus=, Query: {"username":"","userStatus":""}, Body: {}
2024-12-06 15:52:45 info: Method: GET, URL: /admin_users/index?username=&userStatus=, Query: {"username":"","userStatus":""}, Body: {}
2024-12-06 15:53:00 info: Method: GET, URL: /admin_users/index?username=123456&userStatus=, Query: {"username":"123456","userStatus":""}, Body: {}
2024-12-06 15:53:03 info: Method: GET, URL: /admin_users/index?page=1&limit=10, Query: {"page":"1","limit":"10"}, Body: {}
2024-12-06 15:53:05 info: Method: GET, URL: /admin_users/index?page=1&limit=10&userStatus=1, Query: {"page":"1","limit":"10","userStatus":"1"}, Body: {}
2024-12-06 15:53:07 info: Method: GET, URL: /admin_users/index?page=1&limit=10&userStatus=0, Query: {"page":"1","limit":"10","userStatus":"0"}, Body: {}
2024-12-06 15:53:29 info: Method: GET, URL: /admin_users/index?username=&status=, Query: {"username":"","status":""}, Body: {}
2024-12-06 15:53:34 info: Method: GET, URL: /admin_users/index?username=&status=0, Query: {"username":"","status":"0"}, Body: {}
2024-12-06 15:53:34 info: Method: GET, URL: /admin_users/index?username=&status=0, Query: {"username":"","status":"0"}, Body: {}
2024-12-06 15:53:37 info: Method: GET, URL: /admin_users/index?username=&status=1, Query: {"username":"","status":"1"}, Body: {}
2024-12-06 15:53:39 info: Method: GET, URL: /admin_users/index?username=&status=1, Query: {"username":"","status":"1"}, Body: {}
2024-12-06 15:53:43 info: Method: GET, URL: /admin_users/index?username=&status=, Query: {"username":"","status":""}, Body: {}
2024-12-06 15:56:07 info: Method: GET, URL: /admin_users/index?username=&status=, Query: {"username":"","status":""}, Body: {}
2024-12-06 15:59:07 info: Method: GET, URL: /admin_users/index?username=&status=, Query: {"username":"","status":""}, Body: {}
2024-12-06 16:00:34 info: Method: PUT, URL: /admin_users/2, Query: {}, Body: {"password":"abc123456","nickname":"123456","remark":""}
2024-12-06 16:00:37 info: Method: POST, URL: /admin_users/login, Query: {}, Body: {"username":"123456","password":"e10adc3949ba59abbe56e057f20f883e"}
2024-12-06 16:00:41 info: Method: POST, URL: /admin_users/login, Query: {}, Body: {"username":"123456","password":"0659c7992e268962384eb17fafe88364"}
2024-12-06 16:00:41 info: Method: GET, URL: /admin_users/info, Query: {}, Body: {}
2024-12-06 16:00:41 info: Method: GET, URL: /bcustomer-manage?abbreviation=&status=&id=&page=1&limit=10, Query: {"abbreviation":"","status":"","id":"","page":"1","limit":"10"}, Body: {}
2024-12-06 16:00:43 info: Method: GET, URL: /admin_users/index?username=&status=, Query: {"username":"","status":""}, Body: {}
2024-12-06 16:00:58 info: Method: POST, URL: /admin_users/login, Query: {}, Body: {"username":"string","password":"e10adc3949ba59abbe56e057f20f883e"}
2024-12-06 16:00:58 info: Method: GET, URL: /admin_users/info, Query: {}, Body: {}
2024-12-06 16:00:58 info: Method: GET, URL: /bcustomer-manage?abbreviation=&status=&id=&page=1&limit=10, Query: {"abbreviation":"","status":"","id":"","page":"1","limit":"10"}, Body: {}
2024-12-06 16:01:04 info: Method: GET, URL: /admin_users/index?username=&status=, Query: {"username":"","status":""}, Body: {}
2024-12-06 16:01:11 info: Method: POST, URL: /admin_users/login, Query: {}, Body: {"username":"string123451","password":"e10adc3949ba59abbe56e057f20f883e"}
2024-12-06 16:01:13 info: Method: POST, URL: /admin_users/login, Query: {}, Body: {"username":"string123451","password":"e10adc3949ba59abbe56e057f20f883e"}
2024-12-06 16:01:20 info: Method: POST, URL: /admin_users/login, Query: {}, Body: {"username":"string","password":"e10adc3949ba59abbe56e057f20f883e"}
2024-12-06 16:01:20 info: Method: GET, URL: /admin_users/info, Query: {}, Body: {}
2024-12-06 16:01:20 info: Method: GET, URL: /bcustomer-manage?abbreviation=&status=&id=&page=1&limit=10, Query: {"abbreviation":"","status":"","id":"","page":"1","limit":"10"}, Body: {}
2024-12-06 16:01:23 info: Method: GET, URL: /admin_users/index?username=&status=, Query: {"username":"","status":""}, Body: {}
2024-12-06 16:01:37 info: Method: GET, URL: /admin_users/index?username=&status=&limit=100, Query: {"username":"","status":"","limit":"100"}, Body: {}
2024-12-06 16:01:38 info: Method: GET, URL: /admin_users/index?username=&status=&limit=30, Query: {"username":"","status":"","limit":"30"}, Body: {}
2024-12-06 16:06:13 info: Method: GET, URL: /admin_users/index?username=&status=, Query: {"username":"","status":""}, Body: {}
2024-12-06 16:09:02 info: Method: GET, URL: /admin_users/index?username=&status=, Query: {"username":"","status":""}, Body: {}
2024-12-06 16:11:34 info: Method: GET, URL: /admin_users/index?username=&status=, Query: {"username":"","status":""}, Body: {}
2024-12-06 16:11:37 info: Method: GET, URL: /bcustomer-manage/get-customer, Query: {}, Body: {}
2024-12-06 16:11:37 info: Method: GET, URL: /instruction/get-instruction, Query: {}, Body: {}
2024-12-06 16:11:37 info: Method: GET, URL: /instruction-allocation?customer_name=&id=&instruction_name=&page=1&limit=10, Query: {"customer_name":"","id":"","instruction_name":"","page":"1","limit":"10"}, Body: {}
2024-12-06 16:11:39 info: Method: GET, URL: /instruction?admin_name=&name=&code=&is_open=&page=1&limit=10, Query: {"admin_name":"","name":"","code":"","is_open":"","page":"1","limit":"10"}, Body: {}
2024-12-06 16:11:42 info: Method: GET, URL: /bcustomer-manage?abbreviation=&status=&id=&page=1&limit=10, Query: {"abbreviation":"","status":"","id":"","page":"1","limit":"10"}, Body: {}
2024-12-06 16:11:54 info: Method: GET, URL: /instruction?admin_name=&name=&code=&is_open=&page=1&limit=10, Query: {"admin_name":"","name":"","code":"","is_open":"","page":"1","limit":"10"}, Body: {}
2024-12-06 16:11:57 info: Method: GET, URL: /bcustomer-manage/get-customer, Query: {}, Body: {}
2024-12-06 16:11:57 info: Method: GET, URL: /instruction/get-instruction, Query: {}, Body: {}
2024-12-06 16:11:57 info: Method: GET, URL: /instruction-allocation?customer_name=&id=&instruction_name=&page=1&limit=10, Query: {"customer_name":"","id":"","instruction_name":"","page":"1","limit":"10"}, Body: {}
2024-12-06 16:12:00 info: Method: GET, URL: /admin_users/index?username=&status=, Query: {"username":"","status":""}, Body: {}
2024-12-06 16:16:15 info: Method: GET, URL: /admin_users/index?username=&status=, Query: {"username":"","status":""}, Body: {}
2024-12-06 16:16:25 info: Method: PUT, URL: /admin_users/7, Query: {}, Body: {"id":[3,4]}
2024-12-06 16:16:39 info: Method: GET, URL: /admin_users/index?username=&status=, Query: {"username":"","status":""}, Body: {}
2024-12-06 16:17:18 info: Method: GET, URL: /admin_users/index?username=&status=, Query: {"username":"","status":""}, Body: {}
2024-12-06 16:17:58 info: Method: GET, URL: /admin_users/index?username=&status=, Query: {"username":"","status":""}, Body: {}
2024-12-06 16:18:25 info: Method: GET, URL: /bcustomer-manage/get-customer, Query: {}, Body: {}
2024-12-06 16:18:25 info: Method: GET, URL: /instruction/get-instruction, Query: {}, Body: {}
2024-12-06 16:18:25 info: Method: GET, URL: /instruction-allocation?customer_name=&id=&instruction_name=&page=1&limit=10, Query: {"customer_name":"","id":"","instruction_name":"","page":"1","limit":"10"}, Body: {}
2024-12-06 16:18:27 info: Method: GET, URL: /instruction?admin_name=&name=&code=&is_open=&page=1&limit=10, Query: {"admin_name":"","name":"","code":"","is_open":"","page":"1","limit":"10"}, Body: {}
2024-12-06 16:18:30 info: Method: GET, URL: /bcustomer-manage?abbreviation=&status=&id=&page=1&limit=10, Query: {"abbreviation":"","status":"","id":"","page":"1","limit":"10"}, Body: {}
2024-12-06 16:18:42 info: Method: GET, URL: /instruction?admin_name=&name=&code=&is_open=&page=1&limit=10, Query: {"admin_name":"","name":"","code":"","is_open":"","page":"1","limit":"10"}, Body: {}
2024-12-06 16:18:43 info: Method: GET, URL: /bcustomer-manage/get-customer, Query: {}, Body: {}
2024-12-06 16:18:43 info: Method: GET, URL: /instruction/get-instruction, Query: {}, Body: {}
2024-12-06 16:18:43 info: Method: GET, URL: /instruction-allocation?customer_name=&id=&instruction_name=&page=1&limit=10, Query: {"customer_name":"","id":"","instruction_name":"","page":"1","limit":"10"}, Body: {}
2024-12-06 16:18:44 info: Method: GET, URL: /instruction?admin_name=&name=&code=&is_open=&page=1&limit=10, Query: {"admin_name":"","name":"","code":"","is_open":"","page":"1","limit":"10"}, Body: {}
2024-12-06 16:18:48 info: Method: GET, URL: /bcustomer-manage/get-customer, Query: {}, Body: {}
2024-12-06 16:18:48 info: Method: GET, URL: /instruction/get-instruction, Query: {}, Body: {}
2024-12-06 16:18:48 info: Method: GET, URL: /instruction-allocation?customer_name=&id=&instruction_name=&page=1&limit=10, Query: {"customer_name":"","id":"","instruction_name":"","page":"1","limit":"10"}, Body: {}
2024-12-06 16:18:59 info: Method: GET, URL: /admin_users/index?username=&status=, Query: {"username":"","status":""}, Body: {}
2024-12-06 16:19:10 info: Method: GET, URL: /admin_users/index?username=&status=, Query: {"username":"","status":""}, Body: {}
2024-12-06 16:19:49 info: Method: PUT, URL: /admin_users/7, Query: {}, Body: {"remark":"aaaa"}
2024-12-06 16:19:49 info: Method: GET, URL: /admin_users/index?username=&status=, Query: {"username":"","status":""}, Body: {}
2024-12-06 16:20:10 info: Method: GET, URL: /bcustomer-manage/get-customer, Query: {}, Body: {}
2024-12-06 16:20:10 info: Method: GET, URL: /instruction/get-instruction, Query: {}, Body: {}
2024-12-06 16:20:10 info: Method: GET, URL: /instruction-allocation?customer_name=&id=&instruction_name=&page=1&limit=10, Query: {"customer_name":"","id":"","instruction_name":"","page":"1","limit":"10"}, Body: {}
2024-12-06 16:20:47 info: Method: GET, URL: /instruction-allocation?customer_name=&id=&instruction_name=&page=1&limit=10, Query: {"customer_name":"","id":"","instruction_name":"","page":"1","limit":"10"}, Body: {}
2024-12-06 16:20:47 info: Method: GET, URL: /bcustomer-manage/get-customer, Query: {}, Body: {}
2024-12-06 16:20:47 info: Method: GET, URL: /instruction/get-instruction, Query: {}, Body: {}
2024-12-06 16:22:52 info: Method: GET, URL: /admin_users/index?username=&status=, Query: {"username":"","status":""}, Body: {}
2024-12-06 16:24:28 info: Method: GET, URL: /admin_users/index?username=&status=, Query: {"username":"","status":""}, Body: {}
2024-12-06 16:25:21 info: Method: GET, URL: /admin_users/index?username=&status=, Query: {"username":"","status":""}, Body: {}
2024-12-06 16:25:31 info: Method: DELETE, URL: /admin_users/2,4, Query: {}, Body: {}
2024-12-06 16:25:31 info: Method: GET, URL: /admin_users/index?username=&status=, Query: {"username":"","status":""}, Body: {}
2024-12-06 16:25:37 info: Method: DELETE, URL: /admin_users/3, Query: {}, Body: {}
2024-12-06 16:25:37 info: Method: GET, URL: /admin_users/index?username=&status=, Query: {"username":"","status":""}, Body: {}
2024-12-06 16:25:42 info: Method: DELETE, URL: /admin_users/5, Query: {}, Body: {}
2024-12-06 16:25:42 info: Method: GET, URL: /admin_users/index?username=&status=, Query: {"username":"","status":""}, Body: {}
2024-12-06 16:26:54 info: Method: GET, URL: /admin_users/index?username=&status=, Query: {"username":"","status":""}, Body: {}
2024-12-06 16:27:07 info: Method: GET, URL: /admin_users/index?username=&status=, Query: {"username":"","status":""}, Body: {}
2024-12-06 16:27:33 info: Method: GET, URL: /admin_users/index?username=&status=, Query: {"username":"","status":""}, Body: {}
2024-12-06 16:27:34 info: Method: GET, URL: /admin_users/index?username=&status=, Query: {"username":"","status":""}, Body: {}
2024-12-06 16:28:05 info: Method: GET, URL: /admin_users/index?username=&status=, Query: {"username":"","status":""}, Body: {}
2024-12-06 16:28:19 info: Method: GET, URL: /admin_users/index?username=&status=, Query: {"username":"","status":""}, Body: {}
2024-12-06 16:28:39 info: Method: GET, URL: /admin_users/index?username=&status=, Query: {"username":"","status":""}, Body: {}
2024-12-06 16:29:01 info: Method: GET, URL: /admin_users/index?username=&status=, Query: {"username":"","status":""}, Body: {}
2024-12-06 16:29:23 info: Method: GET, URL: /admin_users/index?username=&status=, Query: {"username":"","status":""}, Body: {}
2024-12-06 16:29:25 info: Method: GET, URL: /instruction-allocation?customer_name=&id=&instruction_name=&page=1&limit=10, Query: {"customer_name":"","id":"","instruction_name":"","page":"1","limit":"10"}, Body: {}
2024-12-06 16:29:25 info: Method: GET, URL: /instruction/get-instruction, Query: {}, Body: {}
2024-12-06 16:29:25 info: Method: GET, URL: /bcustomer-manage/get-customer, Query: {}, Body: {}
2024-12-06 16:30:18 info: Method: GET, URL: /bcustomer-manage/get-customer, Query: {}, Body: {}
2024-12-06 16:30:18 info: Method: GET, URL: /instruction/get-instruction, Query: {}, Body: {}
2024-12-06 16:30:18 info: Method: GET, URL: /instruction-allocation?customer_name=&id=&instruction_name=&page=1&limit=10, Query: {"customer_name":"","id":"","instruction_name":"","page":"1","limit":"10"}, Body: {}
2024-12-06 16:30:19 info: Method: GET, URL: /admin_users/index?username=&status=, Query: {"username":"","status":""}, Body: {}
2024-12-06 16:30:20 info: Method: GET, URL: /admin_users/index?username=&status=, Query: {"username":"","status":""}, Body: {}
2024-12-06 16:31:08 info: Method: GET, URL: /admin_users/index?username=&status=, Query: {"username":"","status":""}, Body: {}
2024-12-06 16:31:13 info: Method: PUT, URL: /admin_users/6, Query: {}, Body: {"id":6,"username":"1string","password":"b45cffe084dd3d20d928bee85e7b0f21","access_token":null,"created_at":"2024-12-06T06:37:23.529Z","updated_at":"2024-12-06T06:37:23.529Z","remark":"11","status":0,"nickname":"11"}
2024-12-06 16:31:13 info: Method: GET, URL: /admin_users/index?username=&status=, Query: {"username":"","status":""}, Body: {}
2024-12-06 16:31:22 info: Method: POST, URL: /admin_users/create, Query: {}, Body: {"nickname":"12345","username":"9879","password":""}
2024-12-06 16:31:22 info: Method: GET, URL: /admin_users/index?username=&status=, Query: {"username":"","status":""}, Body: {}
2024-12-06 16:31:27 info: Method: DELETE, URL: /admin_users/6,7,8,9,10,11,12, Query: {}, Body: {}
2024-12-06 16:31:27 info: Method: GET, URL: /admin_users/index?username=&status=, Query: {"username":"","status":""}, Body: {}
2024-12-06 16:31:52 info: Method: POST, URL: /admin_users/create, Query: {}, Body: {"nickname":"test","username":"admin","remark":"管理员","password":""}
2024-12-06 16:31:52 info: Method: GET, URL: /admin_users/index?username=&status=, Query: {"username":"","status":""}, Body: {}
2024-12-06 16:32:02 info: Method: POST, URL: /admin_users/login, Query: {}, Body: {"username":"admin","password":"e10adc3949ba59abbe56e057f20f883e"}
2024-12-06 16:32:02 info: Method: GET, URL: /admin_users/info, Query: {}, Body: {}
2024-12-06 16:32:02 info: Method: GET, URL: /bcustomer-manage?abbreviation=&status=&id=&page=1&limit=10, Query: {"abbreviation":"","status":"","id":"","page":"1","limit":"10"}, Body: {}
2024-12-06 16:32:06 info: Method: GET, URL: /admin_users/index?username=&status=, Query: {"username":"","status":""}, Body: {}
2024-12-06 16:32:17 info: Method: POST, URL: /admin_users/login, Query: {}, Body: {"username":"123456","password":"0659c7992e268962384eb17fafe88364"}
2024-12-06 16:32:31 info: Method: POST, URL: /admin_users/login, Query: {}, Body: {"username":"string","password":"0659c7992e268962384eb17fafe88364"}
2024-12-06 16:32:37 info: Method: POST, URL: /admin_users/login, Query: {}, Body: {"username":"test","password":"e10adc3949ba59abbe56e057f20f883e"}
2024-12-06 16:32:41 info: Method: POST, URL: /admin_users/login, Query: {}, Body: {"username":"admin","password":"e10adc3949ba59abbe56e057f20f883e"}
2024-12-06 16:32:41 info: Method: GET, URL: /admin_users/info, Query: {}, Body: {}
2024-12-06 16:32:41 info: Method: GET, URL: /bcustomer-manage?abbreviation=&status=&id=&page=1&limit=10, Query: {"abbreviation":"","status":"","id":"","page":"1","limit":"10"}, Body: {}
2024-12-06 16:32:44 info: Method: GET, URL: /admin_users/index?username=&status=, Query: {"username":"","status":""}, Body: {}
2024-12-06 16:32:51 info: Method: GET, URL: /bcustomer-manage/get-customer, Query: {}, Body: {}
2024-12-06 16:32:51 info: Method: GET, URL: /instruction/get-instruction, Query: {}, Body: {}
2024-12-06 16:32:51 info: Method: GET, URL: /instruction-allocation?customer_name=&id=&instruction_name=&page=1&limit=10, Query: {"customer_name":"","id":"","instruction_name":"","page":"1","limit":"10"}, Body: {}
2024-12-06 16:33:02 info: Method: GET, URL: /admin_users/index?username=&status=, Query: {"username":"","status":""}, Body: {}
2024-12-06 16:33:10 info: Method: PUT, URL: /admin_users/13, Query: {}, Body: {"id":13,"username":"admin","password":"e10adc3949ba59abbe56e057f20f883e","access_token":null,"created_at":"2024-12-06T08:31:52.425Z","updated_at":"2024-12-06T08:31:52.425Z","remark":"管理员11","status":0,"nickname":"test"}
2024-12-06 16:33:10 info: Method: GET, URL: /admin_users/index?username=&status=, Query: {"username":"","status":""}, Body: {}
2024-12-06 16:33:22 info: Method: POST, URL: /admin_users/create, Query: {}, Body: {"nickname":"测试","username":"admin123","password":""}
2024-12-06 16:33:22 info: Method: GET, URL: /admin_users/index?username=&status=, Query: {"username":"","status":""}, Body: {}
2024-12-06 16:33:29 info: Method: POST, URL: /admin_users/login, Query: {}, Body: {"username":"admin123","password":"e10adc3949ba59abbe56e057f20f883e"}
2024-12-06 16:33:29 info: Method: GET, URL: /admin_users/info, Query: {}, Body: {}
2024-12-06 16:33:29 info: Method: GET, URL: /bcustomer-manage?abbreviation=&status=&id=&page=1&limit=10, Query: {"abbreviation":"","status":"","id":"","page":"1","limit":"10"}, Body: {}
2024-12-06 16:33:35 info: Method: GET, URL: /admin_users/index?username=&status=, Query: {"username":"","status":""}, Body: {}
2024-12-06 16:33:50 info: Method: GET, URL: /instruction?admin_name=&name=&code=&is_open=&page=1&limit=10, Query: {"admin_name":"","name":"","code":"","is_open":"","page":"1","limit":"10"}, Body: {}
2024-12-06 16:33:58 info: Method: POST, URL: /instruction/create, Query: {}, Body: {"name":"指令4","code":"1234"}
2024-12-06 16:33:58 info: Method: GET, URL: /instruction?admin_name=&name=&code=&is_open=&page=1&limit=10, Query: {"admin_name":"","name":"","code":"","is_open":"","page":"1","limit":"10"}, Body: {}
2024-12-06 16:34:00 info: Method: GET, URL: /admin_users/index?username=&status=, Query: {"username":"","status":""}, Body: {}
2024-12-06 16:34:13 info: Method: GET, URL: /admin_users/index?username=&status=, Query: {"username":"","status":""}, Body: {}
2024-12-06 16:34:20 info: Method: GET, URL: /admin_users/index?username=&status=1, Query: {"username":"","status":"1"}, Body: {}
2024-12-06 16:34:22 info: Method: GET, URL: /admin_users/index?username=&status=0, Query: {"username":"","status":"0"}, Body: {}
2024-12-06 16:36:29 info: Method: GET, URL: /admin_users/index?username=&status=, Query: {"username":"","status":""}, Body: {}
2024-12-06 16:36:43 info: Method: GET, URL: /admin_users/index?username=&status=, Query: {"username":"","status":""}, Body: {}
2024-12-06 16:36:44 info: Method: PATCH, URL: /instruction/14/is_open, Query: {}, Body: {"id":14,"status":1}
2024-12-06 16:36:44 info: Method: GET, URL: /admin_users/index?username=&status=, Query: {"username":"","status":""}, Body: {}
2024-12-06 16:36:46 info: Method: PATCH, URL: /instruction/14/is_open, Query: {}, Body: {"id":14,"status":1}
2024-12-06 16:36:46 info: Method: GET, URL: /admin_users/index?username=&status=, Query: {"username":"","status":""}, Body: {}
2024-12-06 16:36:47 info: Method: PATCH, URL: /instruction/14/is_open, Query: {}, Body: {"id":14,"status":1}
2024-12-06 16:36:47 info: Method: GET, URL: /admin_users/index?username=&status=, Query: {"username":"","status":""}, Body: {}
2024-12-06 16:36:47 info: Method: PATCH, URL: /instruction/14/is_open, Query: {}, Body: {"id":14,"status":1}
2024-12-06 16:36:47 info: Method: GET, URL: /admin_users/index?username=&status=, Query: {"username":"","status":""}, Body: {}
2024-12-06 16:36:52 info: Method: PATCH, URL: /instruction/14/is_open, Query: {}, Body: {"id":14,"status":1}
2024-12-06 16:36:52 info: Method: GET, URL: /admin_users/index?username=&status=, Query: {"username":"","status":""}, Body: {}
2024-12-06 16:37:04 info: Method: GET, URL: /admin_users/index?username=&status=, Query: {"username":"","status":""}, Body: {}
2024-12-06 16:37:11 info: Method: GET, URL: /admin_users/index?username=&status=, Query: {"username":"","status":""}, Body: {}
2024-12-06 16:37:13 info: Method: PATCH, URL: /admin_users/14/is_open, Query: {}, Body: {"id":14,"status":1}
2024-12-06 16:37:40 info: Method: GET, URL: /admin_users/index?username=&status=, Query: {"username":"","status":""}, Body: {}
2024-12-06 16:37:41 info: Method: PATCH, URL: /admin_users/13/status, Query: {}, Body: {"id":13,"status":1}
2024-12-06 16:37:41 info: Method: GET, URL: /admin_users/index?username=&status=, Query: {"username":"","status":""}, Body: {}
2024-12-06 16:37:43 info: Method: PATCH, URL: /admin_users/13/status, Query: {}, Body: {"id":13,"status":0}
2024-12-06 16:37:43 info: Method: GET, URL: /admin_users/index?username=&status=, Query: {"username":"","status":""}, Body: {}
2024-12-06 16:37:48 info: Method: PATCH, URL: /admin_users/14/status, Query: {}, Body: {"id":14,"status":1}
2024-12-06 16:37:48 info: Method: GET, URL: /admin_users/index?username=&status=, Query: {"username":"","status":""}, Body: {}
2024-12-06 16:37:56 info: Method: POST, URL: /admin_users/login, Query: {}, Body: {"username":"admin123","password":"e10adc3949ba59abbe56e057f20f883e"}
2024-12-06 16:37:56 info: Method: GET, URL: /admin_users/info, Query: {}, Body: {}
2024-12-06 16:37:56 info: Method: GET, URL: /bcustomer-manage?abbreviation=&status=&id=&page=1&limit=10, Query: {"abbreviation":"","status":"","id":"","page":"1","limit":"10"}, Body: {}
2024-12-06 16:38:00 info: Method: GET, URL: /admin_users/index?username=&status=, Query: {"username":"","status":""}, Body: {}
2024-12-06 16:38:03 info: Method: PATCH, URL: /admin_users/14/status, Query: {}, Body: {"id":14,"status":0}
2024-12-06 16:38:03 info: Method: GET, URL: /admin_users/index?username=&status=, Query: {"username":"","status":""}, Body: {}
2024-12-06 16:38:12 info: Method: POST, URL: /admin_users/login, Query: {}, Body: {"username":"admin","password":"e10adc3949ba59abbe56e057f20f883e"}
2024-12-06 16:38:17 info: Method: POST, URL: /admin_users/login, Query: {}, Body: {"username":"admin123","password":"e10adc3949ba59abbe56e057f20f883e"}
2024-12-06 16:38:18 info: Method: GET, URL: /admin_users/info, Query: {}, Body: {}
2024-12-06 16:38:18 info: Method: GET, URL: /bcustomer-manage?abbreviation=&status=&id=&page=1&limit=10, Query: {"abbreviation":"","status":"","id":"","page":"1","limit":"10"}, Body: {}
2024-12-06 16:38:20 info: Method: GET, URL: /admin_users/index?username=&status=, Query: {"username":"","status":""}, Body: {}
2024-12-06 16:38:26 info: Method: POST, URL: /admin_users/init-password, Query: {}, Body: {"id":[13]}
2024-12-06 16:38:26 info: Method: GET, URL: /admin_users/index?username=&status=, Query: {"username":"","status":""}, Body: {}
2024-12-06 16:38:35 info: Method: POST, URL: /admin_users/login, Query: {}, Body: {"username":"123456","password":"e10adc3949ba59abbe56e057f20f883e"}
2024-12-06 16:38:37 info: Method: POST, URL: /admin_users/login, Query: {}, Body: {"username":"123456","password":"e10adc3949ba59abbe56e057f20f883e"}
2024-12-06 16:38:43 info: Method: POST, URL: /admin_users/login, Query: {}, Body: {"username":"admin","password":"e10adc3949ba59abbe56e057f20f883e"}
2024-12-06 16:38:43 info: Method: GET, URL: /bcustomer-manage?abbreviation=&status=&id=&page=1&limit=10, Query: {"abbreviation":"","status":"","id":"","page":"1","limit":"10"}, Body: {}
2024-12-06 16:38:43 info: Method: GET, URL: /admin_users/info, Query: {}, Body: {}
2024-12-06 16:38:46 info: Method: GET, URL: /admin_users/index?username=&status=, Query: {"username":"","status":""}, Body: {}
2024-12-06 16:38:48 info: Method: PATCH, URL: /admin_users/14/status, Query: {}, Body: {"id":14,"status":1}
2024-12-06 16:38:48 info: Method: GET, URL: /admin_users/index?username=&status=, Query: {"username":"","status":""}, Body: {}
2024-12-06 16:38:57 info: Method: POST, URL: /admin_users/login, Query: {}, Body: {"username":"admin123","password":"e10adc3949ba59abbe56e057f20f883e"}
2024-12-06 16:38:57 info: Method: GET, URL: /admin_users/info, Query: {}, Body: {}
2024-12-06 16:38:57 info: Method: GET, URL: /bcustomer-manage?abbreviation=&status=&id=&page=1&limit=10, Query: {"abbreviation":"","status":"","id":"","page":"1","limit":"10"}, Body: {}
2024-12-06 16:39:01 info: Method: GET, URL: /admin_users/index?username=&status=, Query: {"username":"","status":""}, Body: {}
2024-12-06 16:39:24 info: Method: PATCH, URL: /admin_users/13/status, Query: {}, Body: {"id":13,"status":1}
2024-12-06 16:39:24 info: Method: GET, URL: /admin_users/index?username=&status=, Query: {"username":"","status":""}, Body: {}
2024-12-06 16:39:26 info: Method: PATCH, URL: /admin_users/14/status, Query: {}, Body: {"id":14,"status":0}
2024-12-06 16:39:26 info: Method: GET, URL: /admin_users/index?username=&status=, Query: {"username":"","status":""}, Body: {}
2024-12-06 16:39:27 info: Method: PATCH, URL: /admin_users/13/status, Query: {}, Body: {"id":13,"status":0}
2024-12-06 16:39:27 info: Method: GET, URL: /admin_users/index?username=&status=, Query: {"username":"","status":""}, Body: {}
2024-12-06 16:39:37 info: Method: POST, URL: /admin_users/login, Query: {}, Body: {"username":"admin","password":"e10adc3949ba59abbe56e057f20f883e"}
2024-12-06 16:39:37 info: Method: GET, URL: /admin_users/info, Query: {}, Body: {}
2024-12-06 16:39:37 info: Method: GET, URL: /bcustomer-manage?abbreviation=&status=&id=&page=1&limit=10, Query: {"abbreviation":"","status":"","id":"","page":"1","limit":"10"}, Body: {}
2024-12-06 16:39:40 info: Method: GET, URL: /admin_users/index?username=&status=, Query: {"username":"","status":""}, Body: {}
2024-12-06 16:41:14 info: Method: GET, URL: /admin_users/index?username=&status=, Query: {"username":"","status":""}, Body: {}
2024-12-06 16:41:16 info: Method: GET, URL: /bcustomer-manage/get-customer, Query: {}, Body: {}
2024-12-06 16:41:16 info: Method: GET, URL: /instruction/get-instruction, Query: {}, Body: {}
2024-12-06 16:41:16 info: Method: GET, URL: /instruction-allocation?customer_name=&id=&instruction_name=&page=1&limit=10, Query: {"customer_name":"","id":"","instruction_name":"","page":"1","limit":"10"}, Body: {}
2024-12-06 16:41:23 info: Method: GET, URL: /admin_users/index?username=&status=, Query: {"username":"","status":""}, Body: {}
2024-12-06 16:41:40 info: Method: PATCH, URL: /admin_users/13/status, Query: {}, Body: {"id":13,"status":1}
2024-12-06 16:41:40 info: Method: GET, URL: /admin_users/index?username=&status=, Query: {"username":"","status":""}, Body: {}
2024-12-06 16:41:46 info: Method: POST, URL: /admin_users/login, Query: {}, Body: {"username":"123456","password":"e10adc3949ba59abbe56e057f20f883e"}
2024-12-06 16:41:50 info: Method: POST, URL: /admin_users/login, Query: {}, Body: {"username":"admin","password":"e10adc3949ba59abbe56e057f20f883e"}
2024-12-06 16:41:50 info: Method: GET, URL: /admin_users/info, Query: {}, Body: {}
2024-12-06 16:41:51 info: Method: GET, URL: /bcustomer-manage?abbreviation=&status=&id=&page=1&limit=10, Query: {"abbreviation":"","status":"","id":"","page":"1","limit":"10"}, Body: {}
2024-12-06 16:41:53 info: Method: GET, URL: /admin_users/index?username=&status=, Query: {"username":"","status":""}, Body: {}
2024-12-06 16:42:01 info: Method: GET, URL: /bcustomer-manage?abbreviation=&status=&id=&page=1&limit=10, Query: {"abbreviation":"","status":"","id":"","page":"1","limit":"10"}, Body: {}
2024-12-06 16:42:07 info: Method: GET, URL: /instruction?admin_name=&name=&code=&is_open=&page=1&limit=10, Query: {"admin_name":"","name":"","code":"","is_open":"","page":"1","limit":"10"}, Body: {}
2024-12-06 16:42:08 info: Method: GET, URL: /admin_users/index?username=&status=, Query: {"username":"","status":""}, Body: {}
2024-12-06 16:42:30 info: Method: PUT, URL: /admin_users/13, Query: {}, Body: {"password":"abc123456","nickname":"admin","remark":""}
2024-12-06 16:42:33 info: Method: POST, URL: /admin_users/login, Query: {}, Body: {"username":"123456","password":"e10adc3949ba59abbe56e057f20f883e"}
2024-12-06 16:42:40 info: Method: POST, URL: /admin_users/login, Query: {}, Body: {"username":"admin","password":"0659c7992e268962384eb17fafe88364"}
2024-12-06 16:42:40 info: Method: GET, URL: /admin_users/info, Query: {}, Body: {}
2024-12-06 16:42:40 info: Method: GET, URL: /bcustomer-manage?abbreviation=&status=&id=&page=1&limit=10, Query: {"abbreviation":"","status":"","id":"","page":"1","limit":"10"}, Body: {}
2024-12-06 16:42:46 info: Method: GET, URL: /admin_users/index?username=&status=, Query: {"username":"","status":""}, Body: {}
2024-12-06 16:42:50 info: Method: POST, URL: /admin_users/init-password, Query: {}, Body: {"id":[13]}
2024-12-06 16:42:50 info: Method: GET, URL: /admin_users/index?username=&status=, Query: {"username":"","status":""}, Body: {}
2024-12-06 16:42:53 info: Method: POST, URL: /admin_users/login, Query: {}, Body: {"username":"123456","password":"e10adc3949ba59abbe56e057f20f883e"}
2024-12-06 16:42:56 info: Method: POST, URL: /admin_users/login, Query: {}, Body: {"username":"admin","password":"e10adc3949ba59abbe56e057f20f883e"}
2024-12-06 16:42:56 info: Method: GET, URL: /admin_users/info, Query: {}, Body: {}
2024-12-06 16:42:56 info: Method: GET, URL: /bcustomer-manage?abbreviation=&status=&id=&page=1&limit=10, Query: {"abbreviation":"","status":"","id":"","page":"1","limit":"10"}, Body: {}
2024-12-06 16:43:05 info: Method: POST, URL: /admin_users/login, Query: {}, Body: {"username":"admin","password":"0659c7992e268962384eb17fafe88364"}
2024-12-06 16:43:09 info: Method: POST, URL: /admin_users/login, Query: {}, Body: {"username":"admin","password":"e10adc3949ba59abbe56e057f20f883e"}
2024-12-06 16:43:09 info: Method: GET, URL: /admin_users/info, Query: {}, Body: {}
2024-12-06 16:43:09 info: Method: GET, URL: /bcustomer-manage?abbreviation=&status=&id=&page=1&limit=10, Query: {"abbreviation":"","status":"","id":"","page":"1","limit":"10"}, Body: {}
2024-12-06 16:43:10 info: Method: GET, URL: /bcustomer-manage/get-customer, Query: {}, Body: {}
2024-12-06 16:43:10 info: Method: GET, URL: /instruction/get-instruction, Query: {}, Body: {}
2024-12-06 16:43:10 info: Method: GET, URL: /instruction-allocation?customer_name=&id=&instruction_name=&page=1&limit=10, Query: {"customer_name":"","id":"","instruction_name":"","page":"1","limit":"10"}, Body: {}
2024-12-06 16:43:15 info: Method: GET, URL: /admin_users/index?username=&status=, Query: {"username":"","status":""}, Body: {}
2024-12-06 16:43:19 info: Method: PUT, URL: /admin_users/13, Query: {}, Body: {"id":13,"username":"admin","password":"e10adc3949ba59abbe56e057f20f883e","access_token":null,"created_at":"2024-12-06T08:31:52.425Z","updated_at":"2024-12-06T08:42:50.000Z","remark":"","status":1,"nickname":"admin"}
2024-12-06 16:43:19 info: Method: GET, URL: /admin_users/index?username=&status=, Query: {"username":"","status":""}, Body: {}
2024-12-06 16:43:25 info: Method: GET, URL: /bcustomer-manage/get-customer, Query: {}, Body: {}
2024-12-06 16:43:25 info: Method: GET, URL: /instruction/get-instruction, Query: {}, Body: {}
2024-12-06 16:43:25 info: Method: GET, URL: /instruction-allocation?customer_name=&id=&instruction_name=&page=1&limit=10, Query: {"customer_name":"","id":"","instruction_name":"","page":"1","limit":"10"}, Body: {}
2024-12-06 16:43:26 info: Method: GET, URL: /instruction?admin_name=&name=&code=&is_open=&page=1&limit=10, Query: {"admin_name":"","name":"","code":"","is_open":"","page":"1","limit":"10"}, Body: {}
2024-12-06 16:43:28 info: Method: GET, URL: /bcustomer-manage?abbreviation=&status=&id=&page=1&limit=10, Query: {"abbreviation":"","status":"","id":"","page":"1","limit":"10"}, Body: {}
2024-12-06 16:43:50 info: Method: GET, URL: /bcustomer-manage/get-customer, Query: {}, Body: {}
2024-12-06 16:43:50 info: Method: GET, URL: /instruction/get-instruction, Query: {}, Body: {}
2024-12-06 16:43:50 info: Method: GET, URL: /instruction-allocation?customer_name=&id=&instruction_name=&page=1&limit=10, Query: {"customer_name":"","id":"","instruction_name":"","page":"1","limit":"10"}, Body: {}
2024-12-06 16:43:52 info: Method: GET, URL: /admin_users/index?username=&status=, Query: {"username":"","status":""}, Body: {}
2024-12-06 16:43:54 info: Method: GET, URL: /admin_users/index?username=&status=, Query: {"username":"","status":""}, Body: {}
2024-12-06 16:50:15 info: Method: GET, URL: /admin_users/index?username=&status=, Query: {"username":"","status":""}, Body: {}
2024-12-06 16:52:44 info: Method: GET, URL: /admin_users/index?username=&status=, Query: {"username":"","status":""}, Body: {}
2024-12-06 16:52:46 info: Method: GET, URL: /bcustomer-manage?abbreviation=&status=&id=&page=1&limit=10, Query: {"abbreviation":"","status":"","id":"","page":"1","limit":"10"}, Body: {}
2024-12-06 16:53:09 info: Method: GET, URL: /bcustomer-manage?abbreviation=&status=&id=&page=1&limit=10, Query: {"abbreviation":"","status":"","id":"","page":"1","limit":"10"}, Body: {}
2024-12-06 16:53:29 info: Method: GET, URL: /bcustomer-manage?abbreviation=&status=&id=&page=1&limit=10, Query: {"abbreviation":"","status":"","id":"","page":"1","limit":"10"}, Body: {}
2024-12-06 16:54:03 info: Method: GET, URL: /instruction?admin_name=&name=&code=&is_open=&page=1&limit=10, Query: {"admin_name":"","name":"","code":"","is_open":"","page":"1","limit":"10"}, Body: {}
2024-12-06 16:54:04 info: Method: GET, URL: /bcustomer-manage?abbreviation=&status=&id=&page=1&limit=10, Query: {"abbreviation":"","status":"","id":"","page":"1","limit":"10"}, Body: {}
2024-12-06 16:54:07 info: Method: POST, URL: /bcustomer-manage/init-password, Query: {}, Body: {"id":[9]}
2024-12-06 16:54:07 info: Method: GET, URL: /bcustomer-manage?abbreviation=&status=&id=&page=1&limit=10, Query: {"abbreviation":"","status":"","id":"","page":"1","limit":"10"}, Body: {}
2024-12-06 16:54:18 info: Method: POST, URL: /bcustomer-manage/init-password, Query: {}, Body: {"id":[9,10]}
2024-12-06 16:54:18 info: Method: GET, URL: /bcustomer-manage?abbreviation=&status=&id=&page=1&limit=10, Query: {"abbreviation":"","status":"","id":"","page":"1","limit":"10"}, Body: {}
2024-12-06 16:54:29 info: Method: GET, URL: /bcustomer-manage?abbreviation=&status=&id=&page=1&limit=10, Query: {"abbreviation":"","status":"","id":"","page":"1","limit":"10"}, Body: {}
2024-12-06 16:54:36 info: Method: GET, URL: /instruction?admin_name=&name=&code=&is_open=&page=1&limit=10, Query: {"admin_name":"","name":"","code":"","is_open":"","page":"1","limit":"10"}, Body: {}
2024-12-06 16:54:40 info: Method: PUT, URL: /admin_users/login, Query: {}, Body: {"username":"3string","password":"e10adc3949ba59abbe56e057f20f883e"}
2024-12-06 16:54:42 info: Method: GET, URL: /bcustomer-manage/get-customer, Query: {}, Body: {}
2024-12-06 16:54:42 info: Method: GET, URL: /instruction/get-instruction, Query: {}, Body: {}
2024-12-06 16:54:42 info: Method: GET, URL: /instruction-allocation?customer_name=&id=&instruction_name=&page=1&limit=10, Query: {"customer_name":"","id":"","instruction_name":"","page":"1","limit":"10"}, Body: {}
2024-12-06 16:54:49 info: Method: POST, URL: /admin_users/login, Query: {}, Body: {"username":"3string","password":"e10adc3949ba59abbe56e057f20f883e"}
2024-12-06 16:54:49 info: Method: GET, URL: /admin_users/index?username=&status=, Query: {"username":"","status":""}, Body: {}
2024-12-06 16:54:55 info: Method: GET, URL: /bcustomer-manage?abbreviation=&status=&id=&page=1&limit=10, Query: {"abbreviation":"","status":"","id":"","page":"1","limit":"10"}, Body: {}
2024-12-06 16:54:56 info: Method: GET, URL: /instruction?admin_name=&name=&code=&is_open=&page=1&limit=10, Query: {"admin_name":"","name":"","code":"","is_open":"","page":"1","limit":"10"}, Body: {}
2024-12-06 16:55:04 info: Method: GET, URL: /admin_users/index?username=&status=, Query: {"username":"","status":""}, Body: {}
2024-12-06 16:55:05 info: Method: GET, URL: /bcustomer-manage/get-customer, Query: {}, Body: {}
2024-12-06 16:55:05 info: Method: GET, URL: /instruction/get-instruction, Query: {}, Body: {}
2024-12-06 16:55:05 info: Method: GET, URL: /instruction-allocation?customer_name=&id=&instruction_name=&page=1&limit=10, Query: {"customer_name":"","id":"","instruction_name":"","page":"1","limit":"10"}, Body: {}
2024-12-06 16:55:07 info: Method: POST, URL: /admin_users/login, Query: {}, Body: {"username":"admin123","password":"e10adc3949ba59abbe56e057f20f883e"}
2024-12-06 16:57:09 info: Method: GET, URL: /admin_users/index?username=&status=, Query: {"username":"","status":""}, Body: {}
2024-12-06 16:57:17 info: Method: POST, URL: /admin_users/login, Query: {}, Body: {"username":"admin123","password":"e10adc3949ba59abbe56e057f20f883e"}
2024-12-06 16:57:17 info: Method: GET, URL: /admin_users/info, Query: {}, Body: {}
2024-12-06 16:57:25 info: Method: POST, URL: /admin_users/login, Query: {}, Body: {"username":"admin123","password":"e10adc3949ba59abbe56e057f20f883e"}
2024-12-06 16:57:25 info: Method: GET, URL: /admin_users/info, Query: {}, Body: {}
2024-12-06 16:57:37 info: Method: POST, URL: /admin_users/login, Query: {}, Body: {"username":"admin123","password":"e10adc3949ba59abbe56e057f20f883e"}
2024-12-06 16:57:37 info: Method: GET, URL: /admin_users/info, Query: {}, Body: {}
2024-12-06 16:58:55 info: Method: POST, URL: /admin_users/login, Query: {}, Body: {"username":"123456","password":"e10adc3949ba59abbe56e057f20f883e"}
2024-12-06 16:58:59 info: Method: POST, URL: /admin_users/login, Query: {}, Body: {"username":"123456","password":"e10adc3949ba59abbe56e057f20f883e"}
2024-12-06 16:59:02 info: Method: POST, URL: /admin_users/login, Query: {}, Body: {"username":"123456","password":"e10adc3949ba59abbe56e057f20f883e"}
2024-12-06 16:59:12 info: Method: POST, URL: /admin_users/login, Query: {}, Body: {"username":"admin123","password":"e10adc3949ba59abbe56e057f20f883e"}
2024-12-06 16:59:12 info: Method: GET, URL: /admin_users/info, Query: {}, Body: {}
2024-12-06 16:59:12 info: Method: POST, URL: /admin_users/login, Query: {}, Body: {"username":"admin123","password":"e10adc3949ba59abbe56e057f20f883e"}
2024-12-06 16:59:12 info: Method: GET, URL: /admin_users/info, Query: {}, Body: {}
2024-12-06 16:59:51 info: Method: POST, URL: /admin_users/login, Query: {}, Body: {"username":"admin123","password":"e10adc3949ba59abbe56e057f20f883e"}
2024-12-06 16:59:52 info: Method: GET, URL: /admin_users/info, Query: {}, Body: {}
2024-12-06 17:00:12 info: Method: POST, URL: /admin_users/login, Query: {}, Body: {"username":"admin123","password":"e10adc3949ba59abbe56e057f20f883e"}
2024-12-06 17:00:12 info: Method: GET, URL: /admin_users/info, Query: {}, Body: {}
2024-12-06 17:01:57 info: Method: POST, URL: /admin_users/login, Query: {}, Body: {"username":"admin123","password":"e10adc3949ba59abbe56e057f20f883e"}
2024-12-06 17:01:57 info: Method: GET, URL: /admin_users/info, Query: {}, Body: {}
2024-12-06 17:02:15 info: Method: POST, URL: /admin_users/login, Query: {}, Body: {"username":"admin123","password":"e10adc3949ba59abbe56e057f20f883e"}
2024-12-06 17:02:15 info: Method: GET, URL: /admin_users/info, Query: {}, Body: {}
2024-12-06 17:02:26 info: Method: POST, URL: /admin_users/login, Query: {}, Body: {"username":"admin123","password":"e10adc3949ba59abbe56e057f20f883e"}
2024-12-06 17:02:26 info: Method: GET, URL: /admin_users/info, Query: {}, Body: {}
2024-12-06 17:03:47 info: Method: POST, URL: /admin_users/login, Query: {}, Body: {"username":"admin123","password":"e10adc3949ba59abbe56e057f20f883e"}
2024-12-06 17:03:47 info: Method: GET, URL: /admin_users/info, Query: {}, Body: {}
2024-12-06 17:04:50 info: Method: POST, URL: /admin_users/login, Query: {}, Body: {"username":"123456","password":"e10adc3949ba59abbe56e057f20f883e"}
2024-12-06 17:05:10 info: Method: POST, URL: /admin_users/login, Query: {}, Body: {"username":"admin123","password":"e10adc3949ba59abbe56e057f20f883e"}
2024-12-06 17:05:10 info: Method: GET, URL: /admin_users/info, Query: {}, Body: {}
2024-12-06 17:07:34 info: Method: POST, URL: /admin_users/login, Query: {}, Body: {"username":"admin123","password":"e10adc3949ba59abbe56e057f20f883e"}
2024-12-06 17:07:34 info: Method: GET, URL: /admin_users/info, Query: {}, Body: {}
2024-12-06 17:07:34 info: Method: POST, URL: /admin_users/login, Query: {}, Body: {"username":"admin123","password":"e10adc3949ba59abbe56e057f20f883e"}
2024-12-06 17:07:34 info: Method: GET, URL: /admin_users/info, Query: {}, Body: {}
2024-12-06 17:07:46 info: Method: POST, URL: /admin_users/login, Query: {}, Body: {"username":"admin123","password":"e10adc3949ba59abbe56e057f20f883e"}
2024-12-06 17:07:46 info: Method: GET, URL: /admin_users/info, Query: {}, Body: {}
2024-12-06 17:08:49 info: Method: POST, URL: /admin_users/login, Query: {}, Body: {"username":"123456","password":"e10adc3949ba59abbe56e057f20f883e"}
2024-12-06 17:08:59 info: Method: POST, URL: /admin_users/login, Query: {}, Body: {"username":"admin123","password":"e10adc3949ba59abbe56e057f20f883e"}
2024-12-06 17:08:59 info: Method: GET, URL: /admin_users/info, Query: {}, Body: {}
2024-12-06 17:12:53 info: Method: POST, URL: /admin_users/login, Query: {}, Body: {"username":"123456","password":"e10adc3949ba59abbe56e057f20f883e"}
2024-12-06 17:13:03 info: Method: POST, URL: /admin_users/login, Query: {}, Body: {"username":"admin123","password":"e10adc3949ba59abbe56e057f20f883e"}
2024-12-06 17:15:16 info: Method: POST, URL: /admin_users/login, Query: {}, Body: {"username":"admin123","password":"e10adc3949ba59abbe56e057f20f883e"}
2024-12-06 17:15:33 info: Method: POST, URL: /admin_users/login, Query: {}, Body: {"username":"123456","password":"e10adc3949ba59abbe56e057f20f883e"}
2024-12-06 17:15:41 info: Method: POST, URL: /admin_users/login, Query: {}, Body: {"username":"123456","password":"e10adc3949ba59abbe56e057f20f883e"}
2024-12-06 17:15:49 info: Method: POST, URL: /admin_users/login, Query: {}, Body: {"username":"admin123","password":"e10adc3949ba59abbe56e057f20f883e"}
2024-12-06 17:15:50 info: Method: POST, URL: /admin_users/login, Query: {}, Body: {"username":"admin123","password":"e10adc3949ba59abbe56e057f20f883e"}
2024-12-06 17:16:15 info: Method: POST, URL: /admin_users/login, Query: {}, Body: {"username":"123456","password":"e10adc3949ba59abbe56e057f20f883e"}
2024-12-06 17:16:16 info: Method: POST, URL: /admin_users/login, Query: {}, Body: {"username":"123456","password":"e10adc3949ba59abbe56e057f20f883e"}
2024-12-06 17:16:19 info: Method: POST, URL: /admin_users/login, Query: {}, Body: {"username":"admin123","password":"e10adc3949ba59abbe56e057f20f883e"}
2024-12-06 17:16:22 info: Method: POST, URL: /admin_users/login, Query: {}, Body: {"username":"admin","password":"e10adc3949ba59abbe56e057f20f883e"}
2024-12-06 17:16:28 info: Method: POST, URL: /admin_users/login, Query: {}, Body: {"username":"admin","password":"0659c7992e268962384eb17fafe88364"}
2024-12-06 17:16:34 info: Method: POST, URL: /admin_users/login, Query: {}, Body: {"username":"admin","password":"e10adc3949ba59abbe56e057f20f883e"}
2024-12-06 17:16:42 info: Method: POST, URL: /admin_users/login, Query: {}, Body: {"username":"admin","password":"0659c7992e268962384eb17fafe88364"}
2024-12-06 17:16:51 info: Method: POST, URL: /admin_users/login, Query: {}, Body: {"username":"admin123","password":"e10adc3949ba59abbe56e057f20f883e"}
2024-12-06 17:16:55 info: Method: POST, URL: /admin_users/login, Query: {}, Body: {"username":"admin","password":"e10adc3949ba59abbe56e057f20f883e"}
2024-12-06 17:16:59 info: Method: POST, URL: /admin_users/login, Query: {}, Body: {"username":"admin","password":"0659c7992e268962384eb17fafe88364"}
2024-12-06 17:17:17 info: Method: POST, URL: /admin_users/login, Query: {}, Body: {"username":"123456","password":"e10adc3949ba59abbe56e057f20f883e"}
2024-12-06 17:17:23 info: Method: POST, URL: /admin_users/login, Query: {}, Body: {"username":"admin","password":"e10adc3949ba59abbe56e057f20f883e"}
2024-12-06 17:17:26 info: Method: POST, URL: /admin_users/login, Query: {}, Body: {"username":"admin","password":"8a6f2805b4515ac12058e79e66539be9"}
2024-12-06 17:17:29 info: Method: POST, URL: /admin_users/login, Query: {}, Body: {"username":"admin","password":"0659c7992e268962384eb17fafe88364"}
2024-12-06 17:18:35 info: Method: POST, URL: /admin_users/login, Query: {}, Body: {"username":"admin","password":"e10adc3949ba59abbe56e057f20f883e"}
2024-12-06 17:18:35 info: Method: GET, URL: /admin_users/info, Query: {}, Body: {}
2024-12-06 17:18:35 info: Method: POST, URL: /admin_users/login, Query: {}, Body: {"username":"admin","password":"e10adc3949ba59abbe56e057f20f883e"}
2024-12-06 17:18:35 info: Method: GET, URL: /admin_users/info, Query: {}, Body: {}
2024-12-06 17:19:13 info: Method: POST, URL: /admin_users/login, Query: {}, Body: {"username":"123456","password":"e10adc3949ba59abbe56e057f20f883e"}
2024-12-06 17:19:19 info: Method: POST, URL: /admin_users/login, Query: {}, Body: {"username":"admin","password":"e10adc3949ba59abbe56e057f20f883e"}
2024-12-06 17:19:19 info: Method: GET, URL: /admin_users/info, Query: {}, Body: {}
2024-12-06 17:19:55 info: Method: POST, URL: /admin_users/login, Query: {}, Body: {"username":"admin","password":"e10adc3949ba59abbe56e057f20f883e"}
2024-12-06 17:19:55 info: Method: GET, URL: /admin_users/info, Query: {}, Body: {}
2024-12-06 17:20:25 info: Method: POST, URL: /admin_users/login, Query: {}, Body: {"username":"admin","password":"e10adc3949ba59abbe56e057f20f883e"}
2024-12-06 17:21:19 info: Method: POST, URL: /admin_users/login, Query: {}, Body: {"username":"admin","password":"e10adc3949ba59abbe56e057f20f883e"}
2024-12-06 17:21:29 info: Method: POST, URL: /admin_users/login, Query: {}, Body: {"username":"admin","password":"e10adc3949ba59abbe56e057f20f883e"}
2024-12-06 17:21:29 info: Method: GET, URL: /admin_users/info, Query: {}, Body: {}
2024-12-06 17:21:29 info: Method: GET, URL: /bcustomer-manage?abbreviation=&status=&id=&page=1&limit=10, Query: {"abbreviation":"","status":"","id":"","page":"1","limit":"10"}, Body: {}
2024-12-06 17:21:52 info: Method: GET, URL: /bcustomer-manage?abbreviation=&status=&id=&page=1&limit=10, Query: {"abbreviation":"","status":"","id":"","page":"1","limit":"10"}, Body: {}
2024-12-06 17:22:03 info: Method: POST, URL: /admin_users/login, Query: {}, Body: {"username":"123456","password":"e10adc3949ba59abbe56e057f20f883e"}
2024-12-06 17:22:07 info: Method: POST, URL: /admin_users/login, Query: {}, Body: {"username":"admin","password":"e10adc3949ba59abbe56e057f20f883e"}
2024-12-06 17:22:07 info: Method: GET, URL: /admin_users/info, Query: {}, Body: {}
2024-12-06 17:22:07 info: Method: GET, URL: /bcustomer-manage?abbreviation=&status=&id=&page=1&limit=10, Query: {"abbreviation":"","status":"","id":"","page":"1","limit":"10"}, Body: {}
2024-12-06 17:22:09 info: Method: GET, URL: /admin_users/index?username=&status=, Query: {"username":"","status":""}, Body: {}
2024-12-06 17:22:17 info: Method: POST, URL: /admin_users/login, Query: {}, Body: {"username":"admin123","password":"e10adc3949ba59abbe56e057f20f883e"}
2024-12-06 17:22:21 info: Method: POST, URL: /admin_users/login, Query: {}, Body: {"username":"admin","password":"e10adc3949ba59abbe56e057f20f883e"}
2024-12-06 17:22:21 info: Method: GET, URL: /admin_users/info, Query: {}, Body: {}
2024-12-06 17:22:21 info: Method: GET, URL: /bcustomer-manage?abbreviation=&status=&id=&page=1&limit=10, Query: {"abbreviation":"","status":"","id":"","page":"1","limit":"10"}, Body: {}
2024-12-06 17:25:45 info: Method: POST, URL: /admin_users/login, Query: {}, Body: {"username":"admin123","password":"e10adc3949ba59abbe56e057f20f883e"}
2024-12-06 17:26:04 info: Method: POST, URL: /admin_users/login, Query: {}, Body: {"username":"admin123","password":"e10adc3949ba59abbe56e057f20f883e"}
2024-12-06 17:26:14 info: Method: GET, URL: /admin_users/info, Query: {}, Body: {}
2024-12-06 17:26:15 info: Method: GET, URL: /admin_users/info, Query: {}, Body: {}
2024-12-06 17:26:22 info: Method: POST, URL: /admin_users/login, Query: {}, Body: {"username":"admin123","password":"e10adc3949ba59abbe56e057f20f883e"}
2024-12-06 17:27:46 info: Method: GET, URL: /admin_users/index?username=&status=, Query: {"username":"","status":""}, Body: {}
2024-12-06 17:28:21 info: Method: POST, URL: /admin_users/create, Query: {}, Body: {"nickname":"测试","username":"test","remark":"无","password":""}
2024-12-06 17:28:21 info: Method: GET, URL: /admin_users/index?username=&status=, Query: {"username":"","status":""}, Body: {}
2024-12-06 17:28:32 info: Method: POST, URL: /admin_users/init-password, Query: {}, Body: {"id":[13,14]}
2024-12-06 17:28:32 info: Method: GET, URL: /admin_users/index?username=&status=, Query: {"username":"","status":""}, Body: {}
2024-12-06 17:28:39 info: Method: POST, URL: /admin_users/login, Query: {}, Body: {"username":"test","password":"e10adc3949ba59abbe56e057f20f883e"}
2024-12-06 17:28:46 info: Method: POST, URL: /admin_users/login, Query: {}, Body: {"username":"admin","password":"e10adc3949ba59abbe56e057f20f883e"}
2024-12-06 17:28:46 info: Method: GET, URL: /admin_users/info, Query: {}, Body: {}
2024-12-06 17:28:46 info: Method: GET, URL: /bcustomer-manage?abbreviation=&status=&id=&page=1&limit=10, Query: {"abbreviation":"","status":"","id":"","page":"1","limit":"10"}, Body: {}
2024-12-06 17:28:48 info: Method: GET, URL: /admin_users/index?username=&status=, Query: {"username":"","status":""}, Body: {}
2024-12-06 17:28:57 info: Method: GET, URL: /admin_users/index?username=&status=1, Query: {"username":"","status":"1"}, Body: {}
2024-12-06 17:28:57 info: Method: GET, URL: /admin_users/index?username=&status=1, Query: {"username":"","status":"1"}, Body: {}
2024-12-06 17:28:59 info: Method: GET, URL: /admin_users/index?username=&status=0, Query: {"username":"","status":"0"}, Body: {}
2024-12-06 17:28:59 info: Method: GET, URL: /admin_users/index?username=&status=0, Query: {"username":"","status":"0"}, Body: {}
2024-12-06 17:29:07 info: Method: GET, URL: /admin_users/index?username=&status=0, Query: {"username":"","status":"0"}, Body: {}
2024-12-06 17:29:07 info: Method: GET, URL: /admin_users/index?username=&status=0, Query: {"username":"","status":"0"}, Body: {}
2024-12-06 17:29:08 info: Method: GET, URL: /admin_users/index?username=&status=0, Query: {"username":"","status":"0"}, Body: {}
2024-12-06 17:29:15 info: Method: GET, URL: /admin_users/index?username=&status=0, Query: {"username":"","status":"0"}, Body: {}
2024-12-06 17:29:34 info: Method: GET, URL: /admin_users/index?username=&status=, Query: {"username":"","status":""}, Body: {}
2024-12-06 17:29:36 info: Method: GET, URL: /admin_users/index?username=&status=0, Query: {"username":"","status":"0"}, Body: {}
2024-12-06 17:29:40 info: Method: GET, URL: /admin_users/index?username=&status=1, Query: {"username":"","status":"1"}, Body: {}
2024-12-06 17:29:43 info: Method: GET, URL: /admin_users/index?username=&status=, Query: {"username":"","status":""}, Body: {}
2024-12-06 17:29:43 info: Method: GET, URL: /admin_users/index?username=&status=, Query: {"username":"","status":""}, Body: {}
2024-12-06 17:29:47 info: Method: GET, URL: /admin_users/index?username=admin&status=, Query: {"username":"admin","status":""}, Body: {}
2024-12-06 17:29:49 info: Method: GET, URL: /admin_users/index?username=&status=, Query: {"username":"","status":""}, Body: {}
2024-12-06 17:29:51 info: Method: GET, URL: /admin_users/index?username=&status=0, Query: {"username":"","status":"0"}, Body: {}
2024-12-06 17:30:38 info: Method: GET, URL: /admin_users/index?username=&status=, Query: {"username":"","status":""}, Body: {}
2024-12-06 17:30:42 info: Method: GET, URL: /instruction?admin_name=&name=&code=&is_open=&page=1&limit=10, Query: {"admin_name":"","name":"","code":"","is_open":"","page":"1","limit":"10"}, Body: {}
2024-12-06 17:30:44 info: Method: GET, URL: /bcustomer-manage?abbreviation=&status=&id=&page=1&limit=10, Query: {"abbreviation":"","status":"","id":"","page":"1","limit":"10"}, Body: {}
2024-12-06 17:30:47 info: Method: GET, URL: /instruction?admin_name=&name=&code=&is_open=&page=1&limit=10, Query: {"admin_name":"","name":"","code":"","is_open":"","page":"1","limit":"10"}, Body: {}
2024-12-06 17:30:48 info: Method: GET, URL: /instruction?page=1&limit=10, Query: {"page":"1","limit":"10"}, Body: {}
2024-12-06 17:30:49 info: Method: GET, URL: /instruction?page=1&limit=10, Query: {"page":"1","limit":"10"}, Body: {}
2024-12-06 17:30:49 info: Method: GET, URL: /instruction?page=1&limit=10, Query: {"page":"1","limit":"10"}, Body: {}
2024-12-06 17:30:49 info: Method: GET, URL: /instruction?page=1&limit=10, Query: {"page":"1","limit":"10"}, Body: {}
2024-12-06 17:30:52 info: Method: GET, URL: /instruction?admin_name=&name=&code=&is_open=&page=1&limit=10, Query: {"admin_name":"","name":"","code":"","is_open":"","page":"1","limit":"10"}, Body: {}
2024-12-06 17:30:54 info: Method: GET, URL: /bcustomer-manage/get-customer, Query: {}, Body: {}
2024-12-06 17:30:54 info: Method: GET, URL: /instruction/get-instruction, Query: {}, Body: {}
2024-12-06 17:30:54 info: Method: GET, URL: /instruction-allocation?customer_name=&id=&instruction_name=&page=1&limit=10, Query: {"customer_name":"","id":"","instruction_name":"","page":"1","limit":"10"}, Body: {}
2024-12-06 17:31:00 info: Method: GET, URL: /admin_users/index?username=&status=, Query: {"username":"","status":""}, Body: {}
2024-12-06 17:31:16 info: Method: GET, URL: /bcustomer-manage/get-customer, Query: {}, Body: {}
2024-12-06 17:31:16 info: Method: GET, URL: /instruction/get-instruction, Query: {}, Body: {}
2024-12-06 17:31:16 info: Method: GET, URL: /instruction-allocation?customer_name=&id=&instruction_name=&page=1&limit=10, Query: {"customer_name":"","id":"","instruction_name":"","page":"1","limit":"10"}, Body: {}
2024-12-06 17:34:16 info: Method: POST, URL: /admin_users/login, Query: {}, Body: {"username":"admin123","password":"e10adc3949ba59abbe56e057f20f883e"}
2024-12-06 17:34:23 info: Method: GET, URL: /admin_users/info, Query: {}, Body: {}
2024-12-06 17:34:25 info: Method: GET, URL: /admin_users/info, Query: {}, Body: {}
2024-12-06 17:34:26 info: Method: GET, URL: /admin_users/info, Query: {}, Body: {}
2024-12-06 17:34:26 info: Method: GET, URL: /admin_users/info, Query: {}, Body: {}
2024-12-06 17:34:29 info: Method: GET, URL: /admin_users/info, Query: {}, Body: {}
2024-12-06 17:34:35 info: Method: GET, URL: /admin_users/info, Query: {}, Body: {}
2024-12-06 17:34:37 info: Method: GET, URL: /admin_users/info, Query: {}, Body: {}
2024-12-06 17:39:53 info: Method: GET, URL: /admin_users/index, Query: {}, Body: {}
2024-12-06 17:40:03 info: Method: GET, URL: /admin_users/index?status=1, Query: {"status":"1"}, Body: {}
2024-12-06 17:40:08 info: Method: GET, URL: /admin_users/index?status=0, Query: {"status":"0"}, Body: {}
2024-12-06 17:41:04 info: Method: GET, URL: /admin_users/index?username=&status=, Query: {"username":"","status":""}, Body: {}
2024-12-06 17:41:06 info: Method: GET, URL: /admin_users/index?username=&status=0, Query: {"username":"","status":"0"}, Body: {}
2024-12-06 17:41:08 info: Method: GET, URL: /admin_users/index?username=&status=1, Query: {"username":"","status":"1"}, Body: {}
2024-12-06 17:45:07 info: Method: GET, URL: /admin_users/info, Query: {}, Body: {}
2024-12-06 17:46:59 info: Method: POST, URL: /admin_users/login, Query: {}, Body: {"username":"admin123","password":"e10adc3949ba59abbe56e057f20f883e"}
2024-12-06 17:47:11 info: Method: GET, URL: /admin_users/info, Query: {}, Body: {}
2024-12-06 17:51:29 info: Method: GET, URL: /bcustomer-manage/get-customer, Query: {}, Body: {}
2024-12-06 17:51:29 info: Method: GET, URL: /instruction/get-instruction, Query: {}, Body: {}
2024-12-06 17:51:29 info: Method: GET, URL: /instruction-allocation?customer_name=&id=&instruction_name=&page=1&limit=10, Query: {"customer_name":"","id":"","instruction_name":"","page":"1","limit":"10"}, Body: {}
2024-12-06 17:51:29 info: Method: GET, URL: /admin_users/index?username=&status=, Query: {"username":"","status":""}, Body: {}
2024-12-06 17:52:06 info: Method: POST, URL: /admin_users/login, Query: {}, Body: {"username":"123456","password":"e10adc3949ba59abbe56e057f20f883e"}
2024-12-06 17:52:09 info: Method: POST, URL: /admin_users/login, Query: {}, Body: {"username":"admin","password":"e10adc3949ba59abbe56e057f20f883e"}
2024-12-06 17:52:10 info: Method: GET, URL: /admin_users/info, Query: {}, Body: {}
2024-12-06 17:52:10 info: Method: GET, URL: /bcustomer-manage?abbreviation=&status=&id=&page=1&limit=10, Query: {"abbreviation":"","status":"","id":"","page":"1","limit":"10"}, Body: {}
2024-12-06 17:52:36 info: Method: GET, URL: /bcustomer-manage?abbreviation=&status=&id=&page=1&limit=10, Query: {"abbreviation":"","status":"","id":"","page":"1","limit":"10"}, Body: {}
2024-12-06 17:52:49 info: Method: GET, URL: /bcustomer-manage?abbreviation=&status=&id=&page=1&limit=10, Query: {"abbreviation":"","status":"","id":"","page":"1","limit":"10"}, Body: {}
2024-12-06 17:53:02 info: Method: GET, URL: /bcustomer-manage?abbreviation=&status=&id=&page=1&limit=10, Query: {"abbreviation":"","status":"","id":"","page":"1","limit":"10"}, Body: {}
2024-12-06 17:53:10 info: Method: GET, URL: /bcustomer-manage?abbreviation=&status=&id=&page=1&limit=10, Query: {"abbreviation":"","status":"","id":"","page":"1","limit":"10"}, Body: {}
2024-12-06 17:53:24 info: Method: GET, URL: /bcustomer-manage?abbreviation=&status=&id=&page=1&limit=10, Query: {"abbreviation":"","status":"","id":"","page":"1","limit":"10"}, Body: {}
2024-12-06 17:53:26 info: Method: POST, URL: /admin_users/login, Query: {}, Body: {"username":"123456","password":"e10adc3949ba59abbe56e057f20f883e"}
2024-12-06 17:53:29 info: Method: POST, URL: /admin_users/login, Query: {}, Body: {"username":"admin","password":"e10adc3949ba59abbe56e057f20f883e"}
2024-12-06 17:53:29 info: Method: GET, URL: /admin_users/info, Query: {}, Body: {}
2024-12-06 17:53:29 info: Method: GET, URL: /bcustomer-manage?abbreviation=&status=&id=&page=1&limit=10, Query: {"abbreviation":"","status":"","id":"","page":"1","limit":"10"}, Body: {}
2024-12-06 17:53:33 info: Method: GET, URL: /bcustomer-manage?abbreviation=&status=&id=&page=1&limit=10, Query: {"abbreviation":"","status":"","id":"","page":"1","limit":"10"}, Body: {}
2024-12-06 17:53:34 info: Method: GET, URL: /bcustomer-manage?abbreviation=&status=&id=&page=1&limit=10, Query: {"abbreviation":"","status":"","id":"","page":"1","limit":"10"}, Body: {}
2024-12-06 17:53:36 info: Method: GET, URL: /bcustomer-manage?abbreviation=&status=&id=&page=1&limit=10, Query: {"abbreviation":"","status":"","id":"","page":"1","limit":"10"}, Body: {}
2024-12-06 17:53:39 info: Method: GET, URL: /bcustomer-manage?abbreviation=&status=&id=&page=1&limit=10, Query: {"abbreviation":"","status":"","id":"","page":"1","limit":"10"}, Body: {}
2024-12-06 17:54:04 info: Method: POST, URL: /admin_users/login, Query: {}, Body: {"username":"admin","password":"e10adc3949ba59abbe56e057f20f883e"}
2024-12-06 17:54:04 info: Method: GET, URL: /admin_users/info, Query: {}, Body: {}
2024-12-06 17:54:04 info: Method: GET, URL: /bcustomer-manage?abbreviation=&status=&id=&page=1&limit=10, Query: {"abbreviation":"","status":"","id":"","page":"1","limit":"10"}, Body: {}
2024-12-06 17:54:07 info: Method: GET, URL: /bcustomer-manage?abbreviation=&status=&id=&page=1&limit=10, Query: {"abbreviation":"","status":"","id":"","page":"1","limit":"10"}, Body: {}
2024-12-06 17:54:08 info: Method: GET, URL: /bcustomer-manage?abbreviation=&status=&id=&page=1&limit=10, Query: {"abbreviation":"","status":"","id":"","page":"1","limit":"10"}, Body: {}
2024-12-06 17:54:09 info: Method: GET, URL: /bcustomer-manage?abbreviation=&status=&id=&page=1&limit=10, Query: {"abbreviation":"","status":"","id":"","page":"1","limit":"10"}, Body: {}
2024-12-06 17:54:10 info: Method: GET, URL: /bcustomer-manage?abbreviation=&status=&id=&page=1&limit=10, Query: {"abbreviation":"","status":"","id":"","page":"1","limit":"10"}, Body: {}
2024-12-06 17:54:11 info: Method: GET, URL: /bcustomer-manage?abbreviation=&status=&id=&page=1&limit=10, Query: {"abbreviation":"","status":"","id":"","page":"1","limit":"10"}, Body: {}
2024-12-06 17:54:12 info: Method: GET, URL: /bcustomer-manage?abbreviation=&status=&id=&page=1&limit=10, Query: {"abbreviation":"","status":"","id":"","page":"1","limit":"10"}, Body: {}
2024-12-06 17:54:13 info: Method: GET, URL: /bcustomer-manage?abbreviation=&status=&id=&page=1&limit=10, Query: {"abbreviation":"","status":"","id":"","page":"1","limit":"10"}, Body: {}
2024-12-06 17:54:15 info: Method: GET, URL: /bcustomer-manage?abbreviation=&status=&id=&page=1&limit=10, Query: {"abbreviation":"","status":"","id":"","page":"1","limit":"10"}, Body: {}
2024-12-06 17:54:30 info: Method: POST, URL: /admin_users/login, Query: {}, Body: {"username":"admin","password":"e10adc3949ba59abbe56e057f20f883e"}
2024-12-06 17:54:30 info: Method: GET, URL: /admin_users/info, Query: {}, Body: {}
2024-12-06 17:54:30 info: Method: GET, URL: /bcustomer-manage?abbreviation=&status=&id=&page=1&limit=10, Query: {"abbreviation":"","status":"","id":"","page":"1","limit":"10"}, Body: {}
2024-12-06 17:54:37 info: Method: GET, URL: /bcustomer-manage?abbreviation=&status=&id=&page=1&limit=10, Query: {"abbreviation":"","status":"","id":"","page":"1","limit":"10"}, Body: {}
2024-12-06 17:54:38 info: Method: GET, URL: /bcustomer-manage?abbreviation=&status=&id=&page=1&limit=10, Query: {"abbreviation":"","status":"","id":"","page":"1","limit":"10"}, Body: {}
2024-12-06 17:54:39 info: Method: GET, URL: /bcustomer-manage?abbreviation=&status=&id=&page=1&limit=10, Query: {"abbreviation":"","status":"","id":"","page":"1","limit":"10"}, Body: {}
2024-12-06 17:54:41 info: Method: GET, URL: /bcustomer-manage?abbreviation=&status=&id=&page=1&limit=10, Query: {"abbreviation":"","status":"","id":"","page":"1","limit":"10"}, Body: {}
