2024-11-20 14:15:49 info: Method: GET, URL: /wechaty/rooms, Query: {}, Body: {}
2024-11-20 14:15:50 info: Method: GET, URL: /favicon.ico, Query: {}, Body: {}
2024-11-20 14:47:33 info: Method: GET, URL: /wechaty/rooms, Query: {}, Body: {}
2024-11-20 14:47:35 info: Method: GET, URL: /favicon.ico, Query: {}, Body: {}
2024-11-20 14:53:31 info: Method: GET, URL: /wechaty/rooms, Query: {}, Body: {}
2024-11-20 14:53:31 info: Method: GET, URL: /favicon.ico, Query: {}, Body: {}
2024-11-20 14:54:34 info: Method: GET, URL: /wechaty/rooms, Query: {}, Body: {}
2024-11-20 14:54:34 info: Method: GET, URL: /favicon.ico, Query: {}, Body: {}
2024-11-20 14:56:33 info: Method: GET, URL: /wechaty/rooms, Query: {}, Body: {}
2024-11-20 14:56:33 info: Method: GET, URL: /favicon.ico, Query: {}, Body: {}
2024-11-20 14:57:06 info: Method: GET, URL: /wechaty/rooms1, Query: {}, Body: {}
2024-11-20 14:57:06 info: Method: GET, URL: /favicon.ico, Query: {}, Body: {}
2024-11-20 14:59:14 info: Method: GET, URL: /wechaty/rooms1, Query: {}, Body: {}
2024-11-20 14:59:15 info: Method: GET, URL: /favicon.ico, Query: {}, Body: {}
2024-11-20 14:59:18 info: Method: GET, URL: /wechaty/rooms, Query: {}, Body: {}
2024-11-20 14:59:19 info: Method: GET, URL: /favicon.ico, Query: {}, Body: {}
2024-11-20 15:01:00 info: Method: GET, URL: /wechaty/rooms, Query: {}, Body: {}
2024-11-20 15:01:01 info: Method: GET, URL: /favicon.ico, Query: {}, Body: {}
2024-11-20 15:01:13 info: Method: GET, URL: /wechaty/rooms/, Query: {}, Body: {}
2024-11-20 15:01:14 info: Method: GET, URL: /favicon.ico, Query: {}, Body: {}
2024-11-20 15:01:17 info: Method: GET, URL: /wechaty/rooms1, Query: {}, Body: {}
2024-11-20 15:01:18 info: Method: GET, URL: /favicon.ico, Query: {}, Body: {}
2024-11-20 15:05:58 info: Method: GET, URL: /wechaty/rooms/, Query: {}, Body: {}
2024-11-20 15:06:00 info: Method: GET, URL: /favicon.ico, Query: {}, Body: {}
2024-11-20 15:09:04 info: Method: GET, URL: /wechaty/rooms/, Query: {}, Body: {}
2024-11-20 15:09:04 info: Method: GET, URL: /favicon.ico, Query: {}, Body: {}
2024-11-20 15:11:25 info: Method: GET, URL: /wechaty/rooms/, Query: {}, Body: {}
2024-11-20 15:11:27 info: Method: GET, URL: /favicon.ico, Query: {}, Body: {}
2024-11-20 15:12:13 info: Method: GET, URL: /wechaty/rooms/, Query: {}, Body: {}
2024-11-20 15:12:15 info: Method: GET, URL: /favicon.ico, Query: {}, Body: {}
2024-11-20 15:12:59 info: Method: GET, URL: /wechaty/rooms/, Query: {}, Body: {}
2024-11-20 15:13:00 info: Method: GET, URL: /favicon.ico, Query: {}, Body: {}
2024-11-20 15:14:54 info: Method: POST, URL: /wechaty/broadcast, Query: {}, Body: {"roomId":"@@069054b9405b6f7e22be53e2f8b6f3d23d7257e507fddfe08608557b50af2ba2","message":"2024-11-20T07:14:54.405Z"}
2024-11-20 15:15:11 info: Method: POST, URL: /wechaty/broadcast, Query: {}, Body: {"roomId":"@@069054b9405b6f7e22be53e2f8b6f3d23d7257e507fddfe08608557b50af2ba2","message":"2024-11-20T07:15:11.172Z"}
2024-11-20 15:16:29 info: Method: GET, URL: /wechaty/rooms/, Query: {}, Body: {}
2024-11-20 15:16:30 info: Method: GET, URL: /favicon.ico, Query: {}, Body: {}
2024-11-20 15:16:46 info: Method: POST, URL: /wechaty/broadcast, Query: {}, Body: {"roomId":"@@7ea9bda7d5cea6b627d2da4ecf1fdfb0f190d9e3e0aa14f042636bdc4872ce02","message":"2024-11-20T07:16:46.182Z"}
2024-11-20 15:17:45 info: Method: GET, URL: /wechaty/rooms/, Query: {}, Body: {}
2024-11-20 15:17:46 info: Method: GET, URL: /favicon.ico, Query: {}, Body: {}
2024-11-20 15:20:59 info: Method: GET, URL: /wechaty/rooms/, Query: {}, Body: {}
2024-11-20 15:21:00 info: Method: GET, URL: /favicon.ico, Query: {}, Body: {}
2024-11-20 15:22:06 info: Method: GET, URL: /wechaty/rooms/, Query: {}, Body: {}
2024-11-20 15:22:07 info: Method: GET, URL: /favicon.ico, Query: {}, Body: {}
2024-11-20 15:22:52 info: Method: GET, URL: /wechaty/rooms/, Query: {}, Body: {}
2024-11-20 15:22:54 info: Method: GET, URL: /favicon.ico, Query: {}, Body: {}
2024-11-20 15:32:25 info: Method: POST, URL: /wechaty/broadcast, Query: {}, Body: {"roomId":"@@7ea9bda7d5cea6b627d2da4ecf1fdfb0f190d9e3e0aa14f042636bdc4872ce02","message":"2024-11-20T07:32:25.506Z"}
2024-11-20 15:32:42 info: Method: POST, URL: /wechaty/broadcast, Query: {}, Body: {"roomId":"@@7f7b3991cdb73ea6a0a348623719d1f0cbf7fb1f9f67e8852a41e64b6df09204","message":"2024-11-20T07:32:42.928Z"}
2024-11-20 15:32:44 info: Method: POST, URL: /wechaty/broadcast, Query: {}, Body: {"roomId":"@@7f7b3991cdb73ea6a0a348623719d1f0cbf7fb1f9f67e8852a41e64b6df09204","message":"2024-11-20T07:32:44.668Z"}
2024-11-20 15:33:00 info: Method: GET, URL: /wechaty/rooms, Query: {}, Body: {}
2024-11-20 15:33:01 info: Method: GET, URL: /favicon.ico, Query: {}, Body: {}
2024-11-20 15:33:12 info: Method: POST, URL: /wechaty/broadcast, Query: {}, Body: {"roomId":"@@7f7b3991cdb73ea6a0a348623719d1f0cbf7fb1f9f67e8852a41e64b6df09204","message":"2024-11-20T07:33:12.577Z"}
2024-11-20 15:35:20 info: Method: POST, URL: /wechaty/broadcast, Query: {}, Body: {"roomId":"@@728d141c5e31580571af9192360328d5792d65151bebb48f6ecd8b0c9a8147c5","message":"2024-11-20T07:35:20.484Z"}
